#
# There is insufficient memory for the Java Runtime Environment to continue.
# Native memory allocation (malloc) failed to allocate 636848 bytes. Error detail: Chunk::new
# Possible reasons:
#   The system is out of physical RAM or swap space
#   This process is running with CompressedOops enabled, and the Java Heap may be blocking the growth of the native heap
# Possible solutions:
#   Reduce memory load on the system
#   Increase physical memory or swap space
#   Check if swap backing store is full
#   Decrease Java heap size (-Xmx/-Xms)
#   Decrease number of Java threads
#   Decrease Java thread stack sizes (-Xss)
#   Set larger code cache with -XX:ReservedCodeCacheSize=
#   JVM is running with Unscaled Compressed Oops mode in which the Java heap is
#     placed in the first 4GB address space. The Java Heap base address is the
#     maximum limit for the native heap growth. Please use -XX:HeapBaseMinAddress
#     to set the Java Heap base and to place the Java Heap above 4GB virtual address.
# This output file may be truncated or incomplete.
#
#  Out of Memory Error (arena.cpp:186), pid=21008, tid=1428
#
# JRE version: OpenJDK Runtime Environment (25.0.2+10) (build 25.0.2+10-69)
# Java VM: OpenJDK 64-Bit Server VM (25.0.2+10-69, mixed mode, sharing, tiered, compressed oops, compressed class ptrs, g1 gc, windows-amd64)
# No core dump will be written. Minidumps are not enabled by default on client versions of Windows
#

---------------  S U M M A R Y ------------

Command Line: -Dfile.encoding=IBM437 --module-path=C:\Users\CS\.m2\repository\org\openjfx\javafx-base\21.0.2\javafx-base-21.0.2-win.jar;C:\Users\CS\.m2\repository\org\openjfx\javafx-base\21.0.2\javafx-base-21.0.2.jar;C:\Users\CS\.m2\repository\org\openjfx\javafx-controls\21.0.2\javafx-controls-21.0.2-win.jar;C:\Users\CS\.m2\repository\org\openjfx\javafx-controls\21.0.2\javafx-controls-21.0.2.jar;C:\Users\CS\.m2\repository\org\openjfx\javafx-fxml\21.0.2\javafx-fxml-21.0.2-win.jar;C:\Users\CS\.m2\repository\org\openjfx\javafx-fxml\21.0.2\javafx-fxml-21.0.2.jar;C:\Users\CS\.m2\repository\org\openjfx\javafx-graphics\21.0.2\javafx-graphics-21.0.2-win.jar;C:\Users\CS\.m2\repository\org\openjfx\javafx-graphics\21.0.2\javafx-graphics-21.0.2.jar --add-modules=javafx.base,javafx.controls,javafx.fxml,javafx.graphics smartfarm.Main

Host: 12th Gen Intel(R) Core(TM) i5-12450H, 12 cores, 7G,  Windows 11 , 64 bit Build 26100 (10.0.26100.8246)
Time: Thu May  7 15:47:37 2026 Egypt Daylight Time elapsed time: 692.955200 seconds (0d 0h 11m 32s)

---------------  T H R E A D  ---------------

Current thread (0x0000017e7fc75ab0):  JavaThread "C2 CompilerThread0" daemon [_thread_in_native, id=1428, stack(0x00000079d3900000,0x00000079d3a00000) (1024K)]


Current CompileTask:
C2:692958 7927       4       javafx.scene.Parent::doUpdatePeer (265 bytes)

Stack: [0x00000079d3900000,0x00000079d3a00000]
Native frames: (J=compiled Java code, j=interpreted, Vv=VM code, C=native code)
V  [jvm.dll+0x7a70f9]  (no source info available)
V  [jvm.dll+0x772d6d]  (no source info available)
V  [jvm.dll+0x965d53]  (no source info available)
V  [jvm.dll+0x968351]  (no source info available)
V  [jvm.dll+0x968a63]  (no source info available)
V  [jvm.dll+0x2fc846]  (no source info available)
V  [jvm.dll+0x111b16]  (no source info available)
V  [jvm.dll+0x111e3e]  (no source info available)
V  [jvm.dll+0x4527a7]  (no source info available)
V  [jvm.dll+0x421aa2]  (no source info available)
V  [jvm.dll+0x420eba]  (no source info available)
V  [jvm.dll+0x2c0979]  (no source info available)
V  [jvm.dll+0x2bfb5f]  (no source info available)
V  [jvm.dll+0x2379a0]  (no source info available)
V  [jvm.dll+0x2cfc86]  (no source info available)
V  [jvm.dll+0x2cdf05]  (no source info available)
V  [jvm.dll+0x48e9d1]  (no source info available)
V  [jvm.dll+0x906fcd]  (no source info available)
V  [jvm.dll+0x7a56d5]  (no source info available)
C  [ucrtbase.dll+0x37b0]  (no source info available)
C  [KERNEL32.DLL+0x2e8d7]  (no source info available)
C  [ntdll.dll+0x8c3fc]  (no source info available)

Lock stack of current Java thread (top to bottom):


---------------  P R O C E S S  ---------------

Threads class SMR info:
_java_thread_list=0x0000017e14efc490, length=22, elements={
0x0000017e607e63c0, 0x0000017e7fc5d210, 0x0000017e7fc5db20, 0x0000017e7fc61330,
0x0000017e7fc651d0, 0x0000017e7fc64060, 0x0000017e7fc70e10, 0x0000017e7fc75ab0,
0x0000017e7fc7fba0, 0x0000017e04078e30, 0x0000017e04457f80, 0x0000017e04aacfa0,
0x0000017e04f49820, 0x0000017e04f6d670, 0x0000017e0512a530, 0x0000017e05122fa0,
0x0000017e0526bed0, 0x0000017e056568e0, 0x0000017e145003d0, 0x0000017e14501b40,
0x0000017e0ef5e3b0, 0x0000017e0565c6a0
}

Java Threads: ( => current thread )
  0x0000017e607e63c0 JavaThread "main"                              [_thread_blocked, id=24812, stack(0x00000079d2b00000,0x00000079d2c00000) (1024K)]
  0x0000017e7fc5d210 JavaThread "Reference Handler"          daemon [_thread_blocked, id=10308, stack(0x00000079d3300000,0x00000079d3400000) (1024K)]
  0x0000017e7fc5db20 JavaThread "Finalizer"                  daemon [_thread_blocked, id=15800, stack(0x00000079d3400000,0x00000079d3500000) (1024K)]
  0x0000017e7fc61330 JavaThread "Signal Dispatcher"          daemon [_thread_blocked, id=27368, stack(0x00000079d3500000,0x00000079d3600000) (1024K)]
  0x0000017e7fc651d0 JavaThread "Attach Listener"            daemon [_thread_blocked, id=29140, stack(0x00000079d3600000,0x00000079d3700000) (1024K)]
  0x0000017e7fc64060 JavaThread "Service Thread"             daemon [_thread_blocked, id=30064, stack(0x00000079d3700000,0x00000079d3800000) (1024K)]
  0x0000017e7fc70e10 JavaThread "Monitor Deflation Thread"   daemon [_thread_blocked, id=22224, stack(0x00000079d3800000,0x00000079d3900000) (1024K)]
=>0x0000017e7fc75ab0 JavaThread "C2 CompilerThread0"         daemon [_thread_in_native, id=1428, stack(0x00000079d3900000,0x00000079d3a00000) (1024K)]
  0x0000017e7fc7fba0 JavaThread "C1 CompilerThread0"         daemon [_thread_blocked, id=29740, stack(0x00000079d3a00000,0x00000079d3b00000) (1024K)]
  0x0000017e04078e30 JavaThread "Common-Cleaner"             daemon [_thread_blocked, id=30004, stack(0x00000079d3b00000,0x00000079d3c00000) (1024K)]
  0x0000017e04457f80 JavaThread "Notification Thread"        daemon [_thread_blocked, id=18284, stack(0x00000079d3e00000,0x00000079d3f00000) (1024K)]
  0x0000017e04aacfa0 JavaThread "QuantumRenderer-0"          daemon [_thread_blocked, id=9372, stack(0x00000079d3f00000,0x00000079d4000000) (1024K)]
  0x0000017e04f49820 JavaThread "InvokeLaterDispatcher"      daemon [_thread_blocked, id=11348, stack(0x00000079d3c00000,0x00000079d3d00000) (1024K)]
  0x0000017e04f6d670 JavaThread "JavaFX Application Thread"         [_thread_in_native, id=8588, stack(0x00000079d3d00000,0x00000079d3e00000) (1024K)]
  0x0000017e0512a530 JavaThread "JavaFX-Launcher"                   [_thread_blocked, id=12244, stack(0x00000079d4600000,0x00000079d4700000) (1024K)]
  0x0000017e05122fa0 JavaThread "Thread-2"                   daemon [_thread_in_native, id=18196, stack(0x00000079d4500000,0x00000079d4600000) (1024K)]
  0x0000017e0526bed0 JavaThread "Prism Font Disposer"        daemon [_thread_blocked, id=30388, stack(0x00000079d4800000,0x00000079d4900000) (1024K)]
  0x0000017e056568e0 JavaThread "mysql-cj-abandoned-connection-cleanup" daemon [_thread_blocked, id=9056, stack(0x00000079d4e00000,0x00000079d4f00000) (1024K)]
  0x0000017e145003d0 JavaThread "Cleaner-0"                  daemon [_thread_blocked, id=28788, stack(0x00000079d5d00000,0x00000079d5e00000) (1024K)]
  0x0000017e14501b40 JavaThread "FarmServer-TCP"             daemon [_thread_in_native, id=22260, stack(0x00000079d5e00000,0x00000079d5f00000) (1024K)]
  0x0000017e0ef5e3b0 JavaThread "Java2D Disposer"            daemon [_thread_blocked, id=15712, stack(0x00000079d4700000,0x00000079d4800000) (1024K)]
  0x0000017e0565c6a0 JavaThread "AWT-Windows"                daemon [_thread_in_native, id=31480, stack(0x00000079d5900000,0x00000079d5a00000) (1024K)]
Total: 22

Other Threads:
  0x0000017e7fb14380 VMThread "VM Thread"                           [id=16356, stack(0x00000079d3200000,0x00000079d3300000) (1024K)]
  0x0000017e7fc3af90 WatcherThread "VM Periodic Task Thread"        [id=28496, stack(0x00000079d3100000,0x00000079d3200000) (1024K)]
  0x0000017e62c4ba30 WorkerThread "GC Thread#0"                     [id=21880, stack(0x00000079d2c00000,0x00000079d2d00000) (1024K)]
  0x0000017e7fb15070 WorkerThread "GC Thread#1"                     [id=26972, stack(0x00000079d4900000,0x00000079d4a00000) (1024K)]
  0x0000017e7fb12100 WorkerThread "GC Thread#2"                     [id=26576, stack(0x00000079d4a00000,0x00000079d4b00000) (1024K)]
  0x0000017e7fb129a0 WorkerThread "GC Thread#3"                     [id=19564, stack(0x00000079d4b00000,0x00000079d4c00000) (1024K)]
  0x0000017e7fb13ae0 WorkerThread "GC Thread#4"                     [id=15116, stack(0x00000079d4c00000,0x00000079d4d00000) (1024K)]
  0x0000017e7fb14c20 WorkerThread "GC Thread#5"                     [id=30824, stack(0x00000079d4d00000,0x00000079d4e00000) (1024K)]
  0x0000017e0592f470 WorkerThread "GC Thread#6"                     [id=19400, stack(0x00000079d4f00000,0x00000079d5000000) (1024K)]
  0x0000017e0592dee0 WorkerThread "GC Thread#7"                     [id=31560, stack(0x00000079d5000000,0x00000079d5100000) (1024K)]
  0x0000017e0592d640 WorkerThread "GC Thread#8"                     [id=28716, stack(0x00000079d5100000,0x00000079d5200000) (1024K)]
  0x0000017e0592c950 WorkerThread "GC Thread#9"                     [id=23328, stack(0x00000079d5200000,0x00000079d5300000) (1024K)]
  0x0000017e62c64bb0 ConcurrentGCThread "G1 Main Marker"            [id=29768, stack(0x00000079d2d00000,0x00000079d2e00000) (1024K)]
  0x0000017e62c67600 WorkerThread "G1 Conc#0"                       [id=26856, stack(0x00000079d2e00000,0x00000079d2f00000) (1024K)]
  0x0000017e0592da90 WorkerThread "G1 Conc#1"                       [id=27924, stack(0x00000079d5300000,0x00000079d5400000) (1024K)]
  0x0000017e0592c500 WorkerThread "G1 Conc#2"                       [id=23568, stack(0x00000079d5400000,0x00000079d5500000) (1024K)]
  0x0000017e62cae9e0 ConcurrentGCThread "G1 Refine#0"               [id=31404, stack(0x00000079d2f00000,0x00000079d3000000) (1024K)]
  0x0000017e7fb08ed0 ConcurrentGCThread "G1 Service"                [id=1108, stack(0x00000079d3000000,0x00000079d3100000) (1024K)]
Total: 18

Threads with active compile tasks:
C2 CompilerThread0  693418 7927       4       javafx.scene.Parent::doUpdatePeer (265 bytes)
Total: 1

VM state: not at safepoint (normal execution)

VM Mutex/Monitor currently owned by a thread: None

Heap address: 0x0000000085200000, size: 1966 MB, Compressed Oops mode: 32-bit

CDS archive(s) mapped at: [0x0000000037000000-0x0000000037dd0000-0x0000000037dd0000), size 14483456, SharedBaseAddress: 0x0000000037000000, ArchiveRelocationMode: 1.
Compressed class space mapped at: 0x0000000038000000-0x0000000078000000, reserved size: 1073741824
UseCompressedClassPointers 1, UseCompactObjectHeaders 0
Narrow klass pointer bits 32, Max shift 3
Narrow klass base: 0x0000000037000000, Narrow klass shift: 0
Encoding Range: [0x0000000037000000 - 0x0000000137000000), (4294967296 bytes)
Klass Range:    [0x0000000037010000 - 0x0000000078000000), (1090453504 bytes)
Klass ID Range:  [65536 - 1090519033) (1090453497)
Protection zone: [0x0000000037000000 - 0x0000000037010000), (65536 bytes)

GC Precious Log:
 CardTable entry size: 512
 Card Set container configuration: InlinePtr #cards 5 size 8 Array Of Cards #cards 10 size 36 Howl #buckets 4 coarsen threshold 1843 Howl Bitmap #cards 512 size 80 coarsen threshold 460 Card regions per heap region 1 cards per card region 2048
 CPUs: 12 total, 12 available
 Memory: 7860M
 Large Page Support: Disabled
 NUMA Support: Disabled
 Compressed Oops: Enabled (32-bit)
 Heap Region Size: 1M
 Heap Min Capacity: 8M
 Heap Initial Capacity: 124M
 Heap Max Capacity: 1966M
 Pre-touch: Disabled
 Parallel Workers: 10
 Concurrent Workers: 3
 Concurrent Refinement Workers: 10
 Periodic GC: Disabled

Heap:
 garbage-first heap   total reserved 2013184K, committed 111616K, used 73449K [0x0000000085200000, 0x0000000100000000)
  region size 1024K, 8 young (8192K), 3 survivors (3072K)

Heap Regions: E=young(eden), S=young(survivor), O=old, HS=humongous(starts), HC=humongous(continues), CS=collection set, F=free, TAMS=top-at-mark-start, PB=parsable bottom
|   0|0x0000000085200000, 0x0000000085300000, 0x0000000085300000|100%|HS|  |TAMS 0x0000000085200000| PB 0x0000000085200000| Complete |  0
|   1|0x0000000085300000, 0x0000000085400000, 0x0000000085400000|100%|HC|  |TAMS 0x0000000085300000| PB 0x0000000085300000| Complete |  0
|   2|0x0000000085400000, 0x0000000085500000, 0x0000000085500000|100%|HC|  |TAMS 0x0000000085400000| PB 0x0000000085400000| Complete |  0
|   3|0x0000000085500000, 0x0000000085600000, 0x0000000085600000|100%|HC|  |TAMS 0x0000000085500000| PB 0x0000000085500000| Complete |  0
|   4|0x0000000085600000, 0x0000000085700000, 0x0000000085700000|100%|HC|  |TAMS 0x0000000085600000| PB 0x0000000085600000| Complete |  0
|   5|0x0000000085700000, 0x0000000085800000, 0x0000000085800000|100%| O|  |TAMS 0x0000000085700000| PB 0x0000000085700000| Untracked |  0
|   6|0x0000000085800000, 0x0000000085900000, 0x0000000085900000|100%| O|  |TAMS 0x0000000085800000| PB 0x0000000085800000| Untracked |  0
|   7|0x0000000085900000, 0x0000000085a00000, 0x0000000085a00000|100%| O|  |TAMS 0x0000000085900000| PB 0x0000000085900000| Untracked |  0
|   8|0x0000000085a00000, 0x0000000085b00000, 0x0000000085b00000|100%| O|  |TAMS 0x0000000085a00000| PB 0x0000000085a00000| Untracked |  0
|   9|0x0000000085b00000, 0x0000000085c00000, 0x0000000085c00000|100%| O|  |TAMS 0x0000000085b00000| PB 0x0000000085b00000| Untracked |  0
|  10|0x0000000085c00000, 0x0000000085d00000, 0x0000000085d00000|100%| O|  |TAMS 0x0000000085c00000| PB 0x0000000085c00000| Untracked |  0
|  11|0x0000000085d00000, 0x0000000085e00000, 0x0000000085e00000|100%|HS|  |TAMS 0x0000000085d00000| PB 0x0000000085d00000| Complete |  0
|  12|0x0000000085e00000, 0x0000000085f00000, 0x0000000085f00000|100%|HC|  |TAMS 0x0000000085e00000| PB 0x0000000085e00000| Complete |  0
|  13|0x0000000085f00000, 0x0000000086000000, 0x0000000086000000|100%|HC|  |TAMS 0x0000000085f00000| PB 0x0000000085f00000| Complete |  0
|  14|0x0000000086000000, 0x0000000086100000, 0x0000000086100000|100%|HC|  |TAMS 0x0000000086000000| PB 0x0000000086000000| Complete |  0
|  15|0x0000000086100000, 0x0000000086200000, 0x0000000086200000|100%|HC|  |TAMS 0x0000000086100000| PB 0x0000000086100000| Complete |  0
|  16|0x0000000086200000, 0x0000000086300000, 0x0000000086300000|100%| O|Cm|TAMS 0x0000000086200000| PB 0x0000000086200000| Complete |  0
|  17|0x0000000086300000, 0x0000000086400000, 0x0000000086400000|100%| O|  |TAMS 0x0000000086300000| PB 0x0000000086300000| Untracked |  0
|  18|0x0000000086400000, 0x0000000086500000, 0x0000000086500000|100%| O|  |TAMS 0x0000000086400000| PB 0x0000000086400000| Untracked |  0
|  19|0x0000000086500000, 0x0000000086600000, 0x0000000086600000|100%| O|  |TAMS 0x0000000086500000| PB 0x0000000086500000| Untracked |  0
|  20|0x0000000086600000, 0x00000000866ba520, 0x0000000086700000| 72%| O|  |TAMS 0x0000000086600000| PB 0x0000000086600000| Untracked |  0
|  21|0x0000000086700000, 0x0000000086800000, 0x0000000086800000|100%| O|  |TAMS 0x0000000086700000| PB 0x0000000086700000| Untracked |  0
|  22|0x0000000086800000, 0x0000000086900000, 0x0000000086900000|100%| O|  |TAMS 0x0000000086800000| PB 0x0000000086800000| Untracked |  0
|  23|0x0000000086900000, 0x0000000086a00000, 0x0000000086a00000|100%| O|  |TAMS 0x0000000086900000| PB 0x0000000086900000| Untracked |  0
|  24|0x0000000086a00000, 0x0000000086b00000, 0x0000000086b00000|100%| O|  |TAMS 0x0000000086a00000| PB 0x0000000086a00000| Untracked |  0
|  25|0x0000000086b00000, 0x0000000086c00000, 0x0000000086c00000|100%| O|  |TAMS 0x0000000086b00000| PB 0x0000000086b00000| Untracked |  0
|  26|0x0000000086c00000, 0x0000000086d00000, 0x0000000086d00000|100%| O|  |TAMS 0x0000000086c00000| PB 0x0000000086c00000| Untracked |  0
|  27|0x0000000086d00000, 0x0000000086e00000, 0x0000000086e00000|100%| O|  |TAMS 0x0000000086d00000| PB 0x0000000086d00000| Untracked |  0
|  28|0x0000000086e00000, 0x0000000086f00000, 0x0000000086f00000|100%| O|  |TAMS 0x0000000086e00000| PB 0x0000000086e00000| Untracked |  0
|  29|0x0000000086f00000, 0x0000000087000000, 0x0000000087000000|100%| O|  |TAMS 0x0000000086f00000| PB 0x0000000086f00000| Untracked |  0
|  30|0x0000000087000000, 0x0000000087100000, 0x0000000087100000|100%| O|  |TAMS 0x0000000087000000| PB 0x0000000087000000| Untracked |  0
|  31|0x0000000087100000, 0x0000000087200000, 0x0000000087200000|100%| O|  |TAMS 0x0000000087100000| PB 0x0000000087100000| Untracked |  0
|  32|0x0000000087200000, 0x0000000087300000, 0x0000000087300000|100%| O|  |TAMS 0x0000000087200000| PB 0x0000000087200000| Untracked |  0
|  33|0x0000000087300000, 0x0000000087400000, 0x0000000087400000|100%| O|  |TAMS 0x0000000087300000| PB 0x0000000087300000| Untracked |  0
|  34|0x0000000087400000, 0x0000000087500000, 0x0000000087500000|100%| O|  |TAMS 0x0000000087400000| PB 0x0000000087400000| Untracked |  0
|  35|0x0000000087500000, 0x0000000087600000, 0x0000000087600000|100%|HS|  |TAMS 0x0000000087500000| PB 0x0000000087500000| Complete |  0
|  36|0x0000000087600000, 0x0000000087700000, 0x0000000087700000|100%|HC|  |TAMS 0x0000000087600000| PB 0x0000000087600000| Complete |  0
|  37|0x0000000087700000, 0x0000000087800000, 0x0000000087800000|100%|HC|  |TAMS 0x0000000087700000| PB 0x0000000087700000| Complete |  0
|  38|0x0000000087800000, 0x0000000087900000, 0x0000000087900000|100%|HC|  |TAMS 0x0000000087800000| PB 0x0000000087800000| Complete |  0
|  39|0x0000000087900000, 0x0000000087a00000, 0x0000000087a00000|100%|HS|  |TAMS 0x0000000087900000| PB 0x0000000087900000| Complete |  0
|  40|0x0000000087a00000, 0x0000000087b00000, 0x0000000087b00000|100%|HC|  |TAMS 0x0000000087a00000| PB 0x0000000087a00000| Complete |  0
|  41|0x0000000087b00000, 0x0000000087c00000, 0x0000000087c00000|100%| O|Cm|TAMS 0x0000000087b00000| PB 0x0000000087b00000| Complete |  0
|  42|0x0000000087c00000, 0x0000000087d00000, 0x0000000087d00000|100%| O|  |TAMS 0x0000000087c00000| PB 0x0000000087c00000| Untracked |  0
|  43|0x0000000087d00000, 0x0000000087e00000, 0x0000000087e00000|100%| O|  |TAMS 0x0000000087d00000| PB 0x0000000087d00000| Untracked |  0
|  44|0x0000000087e00000, 0x0000000087f00000, 0x0000000087f00000|100%| O|  |TAMS 0x0000000087e00000| PB 0x0000000087e00000| Untracked |  0
|  45|0x0000000087f00000, 0x0000000088000000, 0x0000000088000000|100%| O|  |TAMS 0x0000000087f00000| PB 0x0000000087f00000| Untracked |  0
|  46|0x0000000088000000, 0x0000000088000000, 0x0000000088100000|  0%| F|  |TAMS 0x0000000088000000| PB 0x0000000088000000| Untracked |  0
|  47|0x0000000088100000, 0x0000000088200000, 0x0000000088200000|100%|HS|  |TAMS 0x0000000088100000| PB 0x0000000088100000| Complete |  0
|  48|0x0000000088200000, 0x0000000088300000, 0x0000000088300000|100%|HC|  |TAMS 0x0000000088200000| PB 0x0000000088200000| Complete |  0
|  49|0x0000000088300000, 0x0000000088400000, 0x0000000088400000|100%|HC|  |TAMS 0x0000000088300000| PB 0x0000000088300000| Complete |  0
|  50|0x0000000088400000, 0x0000000088500000, 0x0000000088500000|100%|HC|  |TAMS 0x0000000088400000| PB 0x0000000088400000| Complete |  0
|  51|0x0000000088500000, 0x0000000088600000, 0x0000000088600000|100%|HS|  |TAMS 0x0000000088500000| PB 0x0000000088500000| Complete |  0
|  52|0x0000000088600000, 0x0000000088700000, 0x0000000088700000|100%|HC|  |TAMS 0x0000000088600000| PB 0x0000000088600000| Complete |  0
|  53|0x0000000088700000, 0x0000000088800000, 0x0000000088800000|100%|HC|  |TAMS 0x0000000088700000| PB 0x0000000088700000| Complete |  0
|  54|0x0000000088800000, 0x0000000088900000, 0x0000000088900000|100%|HC|  |TAMS 0x0000000088800000| PB 0x0000000088800000| Complete |  0
|  55|0x0000000088900000, 0x0000000088a00000, 0x0000000088a00000|100%|HS|  |TAMS 0x0000000088900000| PB 0x0000000088900000| Complete |  0
|  56|0x0000000088a00000, 0x0000000088b00000, 0x0000000088b00000|100%|HC|  |TAMS 0x0000000088a00000| PB 0x0000000088a00000| Complete |  0
|  57|0x0000000088b00000, 0x0000000088c00000, 0x0000000088c00000|100%|HC|  |TAMS 0x0000000088b00000| PB 0x0000000088b00000| Complete |  0
|  58|0x0000000088c00000, 0x0000000088d00000, 0x0000000088d00000|100%|HC|  |TAMS 0x0000000088c00000| PB 0x0000000088c00000| Complete |  0
|  59|0x0000000088d00000, 0x0000000088d00000, 0x0000000088e00000|  0%| F|  |TAMS 0x0000000088d00000| PB 0x0000000088d00000| Untracked |  0
|  60|0x0000000088e00000, 0x0000000088e00000, 0x0000000088f00000|  0%| F|  |TAMS 0x0000000088e00000| PB 0x0000000088e00000| Untracked |  0
|  61|0x0000000088f00000, 0x0000000088f00000, 0x0000000089000000|  0%| F|  |TAMS 0x0000000088f00000| PB 0x0000000088f00000| Untracked |  0
|  62|0x0000000089000000, 0x0000000089000000, 0x0000000089100000|  0%| F|  |TAMS 0x0000000089000000| PB 0x0000000089000000| Untracked |  0
|  63|0x0000000089100000, 0x0000000089100000, 0x0000000089200000|  0%| F|  |TAMS 0x0000000089100000| PB 0x0000000089100000| Untracked |  0
|  64|0x0000000089200000, 0x0000000089200000, 0x0000000089300000|  0%| F|  |TAMS 0x0000000089200000| PB 0x0000000089200000| Untracked |  0
|  65|0x0000000089300000, 0x0000000089300000, 0x0000000089400000|  0%| F|  |TAMS 0x0000000089300000| PB 0x0000000089300000| Untracked |  0
|  66|0x0000000089400000, 0x0000000089400000, 0x0000000089500000|  0%| F|  |TAMS 0x0000000089400000| PB 0x0000000089400000| Untracked |  0
|  67|0x0000000089500000, 0x0000000089500000, 0x0000000089600000|  0%| F|  |TAMS 0x0000000089500000| PB 0x0000000089500000| Untracked |  0
|  68|0x0000000089600000, 0x0000000089600000, 0x0000000089700000|  0%| F|  |TAMS 0x0000000089600000| PB 0x0000000089600000| Untracked |  0
|  69|0x0000000089700000, 0x0000000089700000, 0x0000000089800000|  0%| F|  |TAMS 0x0000000089700000| PB 0x0000000089700000| Untracked |  0
|  70|0x0000000089800000, 0x0000000089800000, 0x0000000089900000|  0%| F|  |TAMS 0x0000000089800000| PB 0x0000000089800000| Untracked |  0
|  71|0x0000000089900000, 0x0000000089900000, 0x0000000089a00000|  0%| F|  |TAMS 0x0000000089900000| PB 0x0000000089900000| Untracked |  0
|  72|0x0000000089a00000, 0x0000000089a00000, 0x0000000089b00000|  0%| F|  |TAMS 0x0000000089a00000| PB 0x0000000089a00000| Untracked |  0
|  73|0x0000000089b00000, 0x0000000089b00000, 0x0000000089c00000|  0%| F|  |TAMS 0x0000000089b00000| PB 0x0000000089b00000| Untracked |  0
|  74|0x0000000089c00000, 0x0000000089c00000, 0x0000000089d00000|  0%| F|  |TAMS 0x0000000089c00000| PB 0x0000000089c00000| Untracked |  0
|  75|0x0000000089d00000, 0x0000000089d00000, 0x0000000089e00000|  0%| F|  |TAMS 0x0000000089d00000| PB 0x0000000089d00000| Untracked |  0
|  76|0x0000000089e00000, 0x0000000089e00000, 0x0000000089f00000|  0%| F|  |TAMS 0x0000000089e00000| PB 0x0000000089e00000| Untracked |  0
|  77|0x0000000089f00000, 0x000000008a000000, 0x000000008a000000|100%| S|CS|TAMS 0x0000000089f00000| PB 0x0000000089f00000| Complete |  0
|  78|0x000000008a000000, 0x000000008a100000, 0x000000008a100000|100%| S|CS|TAMS 0x000000008a000000| PB 0x000000008a000000| Complete |  0
|  79|0x000000008a100000, 0x000000008a200000, 0x000000008a200000|100%| S|CS|TAMS 0x000000008a100000| PB 0x000000008a100000| Complete |  0
|  80|0x000000008a200000, 0x000000008a200000, 0x000000008a300000|  0%| F|  |TAMS 0x000000008a200000| PB 0x000000008a200000| Untracked |  0
|  81|0x000000008a300000, 0x000000008a300000, 0x000000008a400000|  0%| F|  |TAMS 0x000000008a300000| PB 0x000000008a300000| Untracked |  0
|  82|0x000000008a400000, 0x000000008a400000, 0x000000008a500000|  0%| F|  |TAMS 0x000000008a400000| PB 0x000000008a400000| Untracked |  0
|  83|0x000000008a500000, 0x000000008a500000, 0x000000008a600000|  0%| F|  |TAMS 0x000000008a500000| PB 0x000000008a500000| Untracked |  0
|  84|0x000000008a600000, 0x000000008a600000, 0x000000008a700000|  0%| F|  |TAMS 0x000000008a600000| PB 0x000000008a600000| Untracked |  0
|  85|0x000000008a700000, 0x000000008a700000, 0x000000008a800000|  0%| F|  |TAMS 0x000000008a700000| PB 0x000000008a700000| Untracked |  0
|  86|0x000000008a800000, 0x000000008a800000, 0x000000008a900000|  0%| F|  |TAMS 0x000000008a800000| PB 0x000000008a800000| Untracked |  0
|  87|0x000000008a900000, 0x000000008a900000, 0x000000008aa00000|  0%| F|  |TAMS 0x000000008a900000| PB 0x000000008a900000| Untracked |  0
|  88|0x000000008aa00000, 0x000000008aa00000, 0x000000008ab00000|  0%| F|  |TAMS 0x000000008aa00000| PB 0x000000008aa00000| Untracked |  0
|  89|0x000000008ab00000, 0x000000008ab00000, 0x000000008ac00000|  0%| F|  |TAMS 0x000000008ab00000| PB 0x000000008ab00000| Untracked |  0
|  90|0x000000008ac00000, 0x000000008ac00000, 0x000000008ad00000|  0%| F|  |TAMS 0x000000008ac00000| PB 0x000000008ac00000| Untracked |  0
|  91|0x000000008ad00000, 0x000000008ad00000, 0x000000008ae00000|  0%| F|  |TAMS 0x000000008ad00000| PB 0x000000008ad00000| Untracked |  0
|  92|0x000000008ae00000, 0x000000008ae00000, 0x000000008af00000|  0%| F|  |TAMS 0x000000008ae00000| PB 0x000000008ae00000| Untracked |  0
|  93|0x000000008af00000, 0x000000008af00000, 0x000000008b000000|  0%| F|  |TAMS 0x000000008af00000| PB 0x000000008af00000| Untracked |  0
|  94|0x000000008b000000, 0x000000008b000000, 0x000000008b100000|  0%| F|  |TAMS 0x000000008b000000| PB 0x000000008b000000| Untracked |  0
|  95|0x000000008b100000, 0x000000008b100000, 0x000000008b200000|  0%| F|  |TAMS 0x000000008b100000| PB 0x000000008b100000| Untracked |  0
|  96|0x000000008b200000, 0x000000008b200000, 0x000000008b300000|  0%| F|  |TAMS 0x000000008b200000| PB 0x000000008b200000| Untracked |  0
|  97|0x000000008b300000, 0x000000008b3ce090, 0x000000008b400000| 80%| E|  |TAMS 0x000000008b300000| PB 0x000000008b300000| Complete |  0
|  98|0x000000008b400000, 0x000000008b500000, 0x000000008b500000|100%| E|CS|TAMS 0x000000008b400000| PB 0x000000008b400000| Complete |  0
|  99|0x000000008b500000, 0x000000008b600000, 0x000000008b600000|100%| E|CS|TAMS 0x000000008b500000| PB 0x000000008b500000| Complete |  0
| 123|0x000000008cd00000, 0x000000008ce00000, 0x000000008ce00000|100%| E|CS|TAMS 0x000000008cd00000| PB 0x000000008cd00000| Complete |  0
|1958|0x00000000ff800000, 0x00000000ff900000, 0x00000000ff900000|100%| O|  |TAMS 0x00000000ff800000| PB 0x00000000ff800000| Untracked |  0
|1959|0x00000000ff900000, 0x00000000ffa00000, 0x00000000ffa00000|100%| O|  |TAMS 0x00000000ff900000| PB 0x00000000ff900000| Untracked |  0
|1960|0x00000000ffa00000, 0x00000000ffb00000, 0x00000000ffb00000|100%| O|  |TAMS 0x00000000ffa00000| PB 0x00000000ffa00000| Untracked |  0
|1961|0x00000000ffb00000, 0x00000000ffc00000, 0x00000000ffc00000|100%| O|  |TAMS 0x00000000ffb00000| PB 0x00000000ffb00000| Untracked |  0
|1962|0x00000000ffc00000, 0x00000000ffd00000, 0x00000000ffd00000|100%| O|  |TAMS 0x00000000ffc00000| PB 0x00000000ffc00000| Untracked |  0
|1963|0x00000000ffd00000, 0x00000000ffe00000, 0x00000000ffe00000|100%| O|  |TAMS 0x00000000ffd00000| PB 0x00000000ffd00000| Untracked |  0
|1964|0x00000000ffe00000, 0x00000000fff00000, 0x00000000fff00000|100%| O|  |TAMS 0x00000000ffe00000| PB 0x00000000ffe00000| Untracked |  0
|1965|0x00000000fff00000, 0x0000000100000000, 0x0000000100000000|100%| E|CS|TAMS 0x00000000fff00000| PB 0x00000000fff00000| Complete |  0

Card table byte_map: [0x0000017e7adb0000,0x0000017e7b190000] _byte_map_base: 0x0000017e7a987000

Marking Bits: (CMBitMap*) 0x0000017e62c4d1d0
 Bits: [0x0000017e7b190000, 0x0000017e7d048000)

Polling page: 0x0000017e623c0000

Metaspace:
Metaspace        used 34872K, committed 35200K, reserved 1114112K
 class space     used 4875K, committed 5056K, reserved 1048576K

Usage:
  Non-class:     29.29 MB used.
      Class:      4.76 MB used.
       Both:     34.06 MB used.

Virtual space:
  Non-class space:       64.00 MB reserved,      29.44 MB ( 46%) committed,  1 nodes.
      Class space:        1.00 GB reserved,       4.94 MB ( <1%) committed,  1 nodes.
             Both:        1.06 GB reserved,      34.38 MB (  3%) committed. 

Chunk freelists:
   Non-Class:  2.06 MB
       Class:  10.97 MB
        Both:  13.03 MB

MaxMetaspaceSize: unlimited
CompressedClassSpaceSize: 1.00 GB
Initial GC threshold: 21.00 MB
Current GC threshold: 57.19 MB
CDS: on
 - commit_granule_bytes: 65536.
 - commit_granule_words: 8192.
 - virtual_space_node_default_size: 8388608.
 - enlarge_chunks_in_place: 1.
UseCompressedClassPointers 1, UseCompactObjectHeaders 0
Narrow klass pointer bits 32, Max shift 3
Narrow klass base: 0x0000000037000000, Narrow klass shift: 0
Encoding Range: [0x0000000037000000 - 0x0000000137000000), (4294967296 bytes)
Klass Range:    [0x0000000037010000 - 0x0000000078000000), (1090453504 bytes)
Klass ID Range:  [65536 - 1090519033) (1090453497)
Protection zone: [0x0000000037000000 - 0x0000000037010000), (65536 bytes)


Internal statistics:

num_allocs_failed_limit: 3.
num_arena_births: 358.
num_arena_deaths: 0.
num_vsnodes_births: 2.
num_vsnodes_deaths: 0.
num_space_committed: 550.
num_space_uncommitted: 0.
num_chunks_returned_to_freelist: 3.
num_chunks_taken_from_freelist: 1286.
num_chunk_merges: 3.
num_chunk_splits: 883.
num_chunks_enlarged: 688.
num_inconsistent_stats: 0.

CodeHeap 'non-profiled nmethods': size=120064Kb used=2731Kb max_used=3237Kb free=117333Kb
 bounds [0x0000017e72f40000, 0x0000017e73270000, 0x0000017e7a480000]
CodeHeap 'profiled nmethods': size=120000Kb used=8383Kb max_used=11027Kb free=111616Kb
 bounds [0x0000017e6b480000, 0x0000017e6bf50000, 0x0000017e729b0000]
CodeHeap 'non-nmethods': size=5696Kb used=1932Kb max_used=2088Kb free=3763Kb
 bounds [0x0000017e729b0000, 0x0000017e72c20000, 0x0000017e72f40000]
CodeCache: size=245760Kb, used=13046Kb, max_used=16352Kb, free=232712Kb
 total_blobs=6070, nmethods=5014, adapters=959, full_count=0
Compilation: enabled, stopped_count=0, restarted_count=0

Compilation events (20 events):
Event: 670.560 Thread 0x0000017e7fc7fba0 7920       3       javafx.scene.control.ScrollPane::getHbarPolicy (24 bytes)
Event: 670.560 Thread 0x0000017e7fc7fba0 nmethod 7920 0x0000017e6b5ab308 code [0x0000017e6b5ab400, 0x0000017e6b5ab6e8]
Event: 670.561 Thread 0x0000017e7fc7fba0 7922       3       com.sun.javafx.font.PrismFont::getStrike (16 bytes)
Event: 670.561 Thread 0x0000017e7fc7fba0 nmethod 7922 0x0000017e6b4be608 code [0x0000017e6b4be700, 0x0000017e6b4be8d8]
Event: 670.562 Thread 0x0000017e7fc7fba0 7923       3       javafx.scene.control.skin.TableColumnHeader::computePrefWidth (64 bytes)
Event: 670.564 Thread 0x0000017e7fc7fba0 nmethod 7923 0x0000017e6bb9e708 code [0x0000017e6bb9e820, 0x0000017e6bba0e20]
Event: 670.578 Thread 0x0000017e7fc7fba0 7924       3       com.sun.javafx.geom.transform.Translate2D::transform (79 bytes)
Event: 670.578 Thread 0x0000017e7fc7fba0 nmethod 7924 0x0000017e6b64f588 code [0x0000017e6b64f680, 0x0000017e6b64fda0]
Event: 670.579 Thread 0x0000017e7fc75ab0 nmethod 7919 0x0000017e72f5c188 code [0x0000017e72f5c280, 0x0000017e72f5d2d8]
Event: 670.579 Thread 0x0000017e7fc75ab0 7921       4       javafx.scene.layout.Region::snapSizeY (10 bytes)
Event: 670.583 Thread 0x0000017e7fc75ab0 nmethod 7921 0x0000017e72ff4c08 code [0x0000017e72ff4d20, 0x0000017e72ff5100]
Event: 670.583 Thread 0x0000017e7fc75ab0 7925   !   4       com.sun.prism.impl.GlyphCache::getCachedGlyph (494 bytes)
Event: 670.606 Thread 0x0000017e7fc75ab0 nmethod 7925 0x0000017e73063588 code [0x0000017e73063680, 0x0000017e73064b18]
Event: 670.606 Thread 0x0000017e7fc75ab0 7917       4       com.sun.javafx.css.CascadingStyle::getOrigin (8 bytes)
Event: 670.607 Thread 0x0000017e7fc75ab0 nmethod 7917 0x0000017e72f71088 code [0x0000017e72f71180, 0x0000017e72f71258]
Event: 670.607 Thread 0x0000017e7fc75ab0 7918       4       javafx.scene.Node$StyleableProperties$1::isSettable (9 bytes)
Event: 670.609 Thread 0x0000017e7fc75ab0 nmethod 7918 0x0000017e72f71a88 code [0x0000017e72f71b80, 0x0000017e72f71cb8]
Event: 670.609 Thread 0x0000017e7fc75ab0 7926       4       com.sun.javafx.geom.transform.Affine2D::reset3Delements (1 bytes)
Event: 670.609 Thread 0x0000017e7fc75ab0 nmethod 7926 0x0000017e72f72688 code [0x0000017e72f72780, 0x0000017e72f727f8]
Event: 692.743 Thread 0x0000017e7fc75ab0 7927       4       javafx.scene.Parent::doUpdatePeer (265 bytes)

GC Heap Usage History (20 events):
Event: 13.751 {heap Before GC invocations=8 (full 0):
 garbage-first heap   total reserved 2013184K, committed 72704K, used 66633K [0x0000000085200000, 0x0000000100000000)
  region size 1024K, 24 young (24576K), 4 survivors (4096K)
}
Event: 13.756 {heap After GC invocations=9 (full 0):
 garbage-first heap   total reserved 2013184K, committed 75776K, used 50515K [0x0000000085200000, 0x0000000100000000)
  region size 1024K, 3 young (3072K), 3 survivors (3072K)
}
Event: 16.948 {heap Before GC invocations=9 (full 0):
 garbage-first heap   total reserved 2013184K, committed 75776K, used 66899K [0x0000000085200000, 0x0000000100000000)
  region size 1024K, 19 young (19456K), 3 survivors (3072K)
}
Event: 16.955 {heap After GC invocations=10 (full 0):
 garbage-first heap   total reserved 2013184K, committed 75776K, used 51941K [0x0000000085200000, 0x0000000100000000)
  region size 1024K, 2 young (2048K), 2 survivors (2048K)
}
Event: 25.278 {heap Before GC invocations=10 (full 0):
 garbage-first heap   total reserved 2013184K, committed 75776K, used 68325K [0x0000000085200000, 0x0000000100000000)
  region size 1024K, 18 young (18432K), 2 survivors (2048K)
}
Event: 25.283 {heap After GC invocations=11 (full 0):
 garbage-first heap   total reserved 2013184K, committed 75776K, used 52561K [0x0000000085200000, 0x0000000100000000)
  region size 1024K, 3 young (3072K), 3 survivors (3072K)
}
Event: 238.697 {heap Before GC invocations=12 (full 0):
 garbage-first heap   total reserved 2013184K, committed 86016K, used 66897K [0x0000000085200000, 0x0000000100000000)
  region size 1024K, 19 young (19456K), 3 survivors (3072K)
}
Event: 238.756 {heap After GC invocations=13 (full 0):
 garbage-first heap   total reserved 2013184K, committed 86016K, used 50865K [0x0000000085200000, 0x0000000100000000)
  region size 1024K, 2 young (2048K), 2 survivors (2048K)
}
Event: 630.464 {heap Before GC invocations=13 (full 0):
 garbage-first heap   total reserved 2013184K, committed 86016K, used 76465K [0x0000000085200000, 0x0000000100000000)
  region size 1024K, 27 young (27648K), 2 survivors (2048K)
}
Event: 630.522 {heap After GC invocations=14 (full 0):
 garbage-first heap   total reserved 2013184K, committed 86016K, used 50459K [0x0000000085200000, 0x0000000100000000)
  region size 1024K, 2 young (2048K), 2 survivors (2048K)
}
Event: 655.274 {heap Before GC invocations=14 (full 0):
 garbage-first heap   total reserved 2013184K, committed 86016K, used 59675K [0x0000000085200000, 0x0000000100000000)
  region size 1024K, 12 young (12288K), 2 survivors (2048K)
}
Event: 655.289 {heap After GC invocations=15 (full 0):
 garbage-first heap   total reserved 2013184K, committed 86016K, used 51409K [0x0000000085200000, 0x0000000100000000)
  region size 1024K, 3 young (3072K), 3 survivors (3072K)
}
Event: 659.507 {heap Before GC invocations=16 (full 0):
 garbage-first heap   total reserved 2013184K, committed 86016K, used 77009K [0x0000000085200000, 0x0000000100000000)
  region size 1024K, 29 young (29696K), 3 survivors (3072K)
}
Event: 659.528 {heap After GC invocations=17 (full 0):
 garbage-first heap   total reserved 2013184K, committed 86016K, used 53619K [0x0000000085200000, 0x0000000100000000)
  region size 1024K, 4 young (4096K), 4 survivors (4096K)
}
Event: 669.063 {heap Before GC invocations=17 (full 0):
 garbage-first heap   total reserved 2013184K, committed 86016K, used 82291K [0x0000000085200000, 0x0000000100000000)
  region size 1024K, 28 young (28672K), 4 survivors (4096K)
}
Event: 669.075 {heap After GC invocations=18 (full 0):
 garbage-first heap   total reserved 2013184K, committed 91136K, used 61018K [0x0000000085200000, 0x0000000100000000)
  region size 1024K, 4 young (4096K), 4 survivors (4096K)
}
Event: 670.352 {heap Before GC invocations=18 (full 0):
 garbage-first heap   total reserved 2013184K, committed 91136K, used 66138K [0x0000000085200000, 0x0000000100000000)
  region size 1024K, 10 young (10240K), 4 survivors (4096K)
}
Event: 670.355 {heap After GC invocations=19 (full 0):
 garbage-first heap   total reserved 2013184K, committed 91136K, used 61991K [0x0000000085200000, 0x0000000100000000)
  region size 1024K, 1 young (1024K), 1 survivors (1024K)
}
Event: 670.526 {heap Before GC invocations=20 (full 0):
 garbage-first heap   total reserved 2013184K, committed 111616K, used 87591K [0x0000000085200000, 0x0000000100000000)
  region size 1024K, 22 young (22528K), 1 survivors (1024K)
}
Event: 670.531 {heap After GC invocations=21 (full 0):
 garbage-first heap   total reserved 2013184K, committed 111616K, used 69353K [0x0000000085200000, 0x0000000100000000)
  region size 1024K, 3 young (3072K), 3 survivors (3072K)
}

Metaspace Usage History (20 events):
Event: 13.751 {metaspace Before GC invocations=8 (full 0):
 Metaspace       used 33595K, committed 33984K, reserved 1114112K
  class space    used 4797K, committed 4992K, reserved 1048576K
}
Event: 13.756 {metaspace After GC invocations=9 (full 0):
 Metaspace       used 33595K, committed 33984K, reserved 1114112K
  class space    used 4797K, committed 4992K, reserved 1048576K
}
Event: 16.948 {metaspace Before GC invocations=9 (full 0):
 Metaspace       used 33915K, committed 34304K, reserved 1114112K
  class space    used 4828K, committed 4992K, reserved 1048576K
}
Event: 16.955 {metaspace After GC invocations=10 (full 0):
 Metaspace       used 33915K, committed 34304K, reserved 1114112K
  class space    used 4828K, committed 4992K, reserved 1048576K
}
Event: 25.278 {metaspace Before GC invocations=10 (full 0):
 Metaspace       used 34366K, committed 34752K, reserved 1114112K
  class space    used 4871K, committed 5056K, reserved 1048576K
}
Event: 25.283 {metaspace After GC invocations=11 (full 0):
 Metaspace       used 34366K, committed 34752K, reserved 1114112K
  class space    used 4871K, committed 5056K, reserved 1048576K
}
Event: 238.697 {metaspace Before GC invocations=12 (full 0):
 Metaspace       used 34579K, committed 34944K, reserved 1114112K
  class space    used 4871K, committed 5056K, reserved 1048576K
}
Event: 238.756 {metaspace After GC invocations=13 (full 0):
 Metaspace       used 34579K, committed 34944K, reserved 1114112K
  class space    used 4871K, committed 5056K, reserved 1048576K
}
Event: 630.465 {metaspace Before GC invocations=13 (full 0):
 Metaspace       used 34642K, committed 35008K, reserved 1114112K
  class space    used 4871K, committed 5056K, reserved 1048576K
}
Event: 630.522 {metaspace After GC invocations=14 (full 0):
 Metaspace       used 34642K, committed 35008K, reserved 1114112K
  class space    used 4871K, committed 5056K, reserved 1048576K
}
Event: 655.274 {metaspace Before GC invocations=14 (full 0):
 Metaspace       used 34707K, committed 35136K, reserved 1114112K
  class space    used 4872K, committed 5056K, reserved 1048576K
}
Event: 655.289 {metaspace After GC invocations=15 (full 0):
 Metaspace       used 34707K, committed 35136K, reserved 1114112K
  class space    used 4872K, committed 5056K, reserved 1048576K
}
Event: 659.507 {metaspace Before GC invocations=16 (full 0):
 Metaspace       used 34771K, committed 35136K, reserved 1114112K
  class space    used 4873K, committed 5056K, reserved 1048576K
}
Event: 659.528 {metaspace After GC invocations=17 (full 0):
 Metaspace       used 34771K, committed 35136K, reserved 1114112K
  class space    used 4873K, committed 5056K, reserved 1048576K
}
Event: 669.063 {metaspace Before GC invocations=17 (full 0):
 Metaspace       used 34812K, committed 35200K, reserved 1114112K
  class space    used 4873K, committed 5056K, reserved 1048576K
}
Event: 669.075 {metaspace After GC invocations=18 (full 0):
 Metaspace       used 34812K, committed 35200K, reserved 1114112K
  class space    used 4873K, committed 5056K, reserved 1048576K
}
Event: 670.352 {metaspace Before GC invocations=18 (full 0):
 Metaspace       used 34832K, committed 35200K, reserved 1114112K
  class space    used 4874K, committed 5056K, reserved 1048576K
}
Event: 670.355 {metaspace After GC invocations=19 (full 0):
 Metaspace       used 34832K, committed 35200K, reserved 1114112K
  class space    used 4874K, committed 5056K, reserved 1048576K
}
Event: 670.526 {metaspace Before GC invocations=20 (full 0):
 Metaspace       used 34859K, committed 35200K, reserved 1114112K
  class space    used 4875K, committed 5056K, reserved 1048576K
}
Event: 670.531 {metaspace After GC invocations=21 (full 0):
 Metaspace       used 34859K, committed 35200K, reserved 1114112K
  class space    used 4875K, committed 5056K, reserved 1048576K
}

Dll operation events (20 events):
Event: 0.329 Loaded shared library C:\Users\CS\.openjfx\cache\21.0.2+5\amd64\api-ms-win-crt-stdio-l1-1-0.dll
Event: 0.331 Loaded shared library C:\Users\CS\.openjfx\cache\21.0.2+5\amd64\api-ms-win-crt-string-l1-1-0.dll
Event: 0.334 Loaded shared library C:\Users\CS\.openjfx\cache\21.0.2+5\amd64\api-ms-win-crt-time-l1-1-0.dll
Event: 0.337 Loaded shared library C:\Users\CS\.openjfx\cache\21.0.2+5\amd64\api-ms-win-crt-utility-l1-1-0.dll
Event: 0.351 Loaded shared library C:\Users\CS\.openjfx\cache\21.0.2+5\amd64\ucrtbase.dll
Event: 0.356 Loaded shared library C:\Users\CS\.openjfx\cache\21.0.2+5\amd64\vcruntime140.dll
Event: 0.360 Loaded shared library C:\Users\CS\.openjfx\cache\21.0.2+5\amd64\vcruntime140_1.dll
Event: 0.370 Loaded shared library C:\Users\CS\.openjfx\cache\21.0.2+5\amd64\msvcp140.dll
Event: 0.373 Loaded shared library C:\Users\CS\.openjfx\cache\21.0.2+5\amd64\msvcp140_1.dll
Event: 0.379 Loaded shared library C:\Users\CS\.openjfx\cache\21.0.2+5\amd64\msvcp140_2.dll
Event: 0.438 Loaded shared library C:\Users\CS\.openjfx\cache\21.0.2+5\amd64\prism_d3d.dll
Event: 0.737 Loaded shared library C:\Users\CS\.openjfx\cache\21.0.2+5\amd64\glass.dll
Event: 1.001 Loaded shared library C:\Users\CS\.jdks\openjdk-25.0.2\bin\jimage.dll
Event: 1.379 Loaded shared library C:\Users\CS\.openjfx\cache\21.0.2+5\amd64\javafx_font.dll
Event: 1.880 Loaded shared library C:\Users\CS\.jdks\openjdk-25.0.2\bin\extnet.dll
Event: 2.171 Loaded shared library C:\Users\CS\.jdks\openjdk-25.0.2\bin\sunmscapi.dll
Event: 12.907 Loaded shared library C:\Users\CS\.openjfx\cache\21.0.2+5\amd64\javafx_iio.dll
Event: 12.967 Loaded shared library C:\Users\CS\.jdks\openjdk-25.0.2\bin\awt.dll
Event: 13.333 Loaded shared library C:\Users\CS\.jdks\openjdk-25.0.2\bin\freetype.dll
Event: 13.336 Loaded shared library C:\Users\CS\.jdks\openjdk-25.0.2\bin\fontmanager.dll

Deoptimization events (20 events):
Event: 653.877 Thread 0x0000017e04f6d670 DEOPT PACKING pc=0x0000017e730e8a74 sp=0x00000079d3dfcff0
Event: 653.877 Thread 0x0000017e04f6d670 DEOPT UNPACKING pc=0x0000017e72acf902 sp=0x00000079d3dfcf48 mode 2
Event: 653.877 Thread 0x0000017e04f6d670 Uncommon trap: trap_request=0xffffffde fr.pc=0x0000017e730e8a74 relative=0x00000000000000d4
Event: 653.877 Thread 0x0000017e04f6d670 Uncommon trap: reason=class_check action=maybe_recompile pc=0x0000017e730e8a74 method=com.sun.marlin.Stroker.emitLineTo(DD)V @ 6 c2
Event: 653.877 Thread 0x0000017e04f6d670 DEOPT PACKING pc=0x0000017e730e8a74 sp=0x00000079d3dfcff0
Event: 653.877 Thread 0x0000017e04f6d670 DEOPT UNPACKING pc=0x0000017e72acf902 sp=0x00000079d3dfcf48 mode 2
Event: 654.898 Thread 0x0000017e04f6d670 DEOPT PACKING pc=0x0000017e6b980a52 sp=0x00000079d3dfe410
Event: 654.898 Thread 0x0000017e04f6d670 DEOPT UNPACKING pc=0x0000017e72a01702 sp=0x00000079d3dfd870 mode 0
Event: 655.645 Thread 0x0000017e04aacfa0 Uncommon trap: trap_request=0xffffff66 fr.pc=0x0000017e73150628 relative=0x0000000000002828
Event: 655.645 Thread 0x0000017e04aacfa0 Uncommon trap: reason=loop_limit_check action=maybe_recompile pc=0x0000017e73150628 method=com.sun.marlin.Renderer._endRendering(IILcom/sun/marlin/MarlinAlphaConsumer;)V @ 1116 c2
Event: 655.645 Thread 0x0000017e04aacfa0 DEOPT PACKING pc=0x0000017e73150628 sp=0x00000079d3ffcea0
Event: 655.645 Thread 0x0000017e04aacfa0 DEOPT UNPACKING pc=0x0000017e72acf902 sp=0x00000079d3ffcca8 mode 2
Event: 655.648 Thread 0x0000017e04aacfa0 Uncommon trap: trap_request=0xffffff66 fr.pc=0x0000017e73148e0c relative=0x0000000000003b8c
Event: 655.648 Thread 0x0000017e04aacfa0 Uncommon trap: reason=loop_limit_check action=maybe_recompile pc=0x0000017e73148e0c method=com.sun.marlin.Renderer._endRendering(IILcom/sun/marlin/MarlinAlphaConsumer;)V @ 1116 c2
Event: 655.648 Thread 0x0000017e04aacfa0 DEOPT PACKING pc=0x0000017e73148e0c sp=0x00000079d3ffcd60
Event: 655.648 Thread 0x0000017e04aacfa0 DEOPT UNPACKING pc=0x0000017e72acf902 sp=0x00000079d3ffcc78 mode 2
Event: 668.632 Thread 0x0000017e04aacfa0 Uncommon trap: trap_request=0xffffff45 fr.pc=0x0000017e730fd100 relative=0x0000000000000c80
Event: 668.632 Thread 0x0000017e04aacfa0 Uncommon trap: reason=unstable_if action=reinterpret pc=0x0000017e730fd100 method=com.sun.prism.impl.GlyphCache.getCachedGlyph(II)Lcom/sun/prism/impl/GlyphCache$GlyphData; @ 393 c2
Event: 668.632 Thread 0x0000017e04aacfa0 DEOPT PACKING pc=0x0000017e730fd100 sp=0x00000079d3ffdf30
Event: 668.632 Thread 0x0000017e04aacfa0 DEOPT UNPACKING pc=0x0000017e72acf902 sp=0x00000079d3ffde68 mode 2

Classes loaded (20 events):
Event: 18.606 Loading class jdk/internal/icu/text/Replaceable done
Event: 18.606 Loading class jdk/internal/icu/text/ReplaceableString done
Event: 18.607 Loading class java/util/ArrayList$ListItr
Event: 18.607 Loading class java/util/ArrayList$ListItr done
Event: 18.610 Loading class java/util/Spliterators$IntArraySpliterator
Event: 18.610 Loading class java/util/Spliterators$IntArraySpliterator done
Event: 18.611 Loading class java/util/stream/Nodes$IntSpinedNodeBuilder
Event: 18.611 Loading class java/util/stream/Node$Builder$OfInt
Event: 18.612 Loading class java/util/stream/Node$Builder$OfInt done
Event: 18.612 Loading class java/util/stream/SpinedBuffer$OfInt
Event: 18.612 Loading class java/util/stream/SpinedBuffer$OfPrimitive
Event: 18.613 Loading class java/util/stream/SpinedBuffer$OfPrimitive done
Event: 18.613 Loading class java/util/stream/SpinedBuffer$OfInt done
Event: 18.613 Loading class java/util/stream/Nodes$IntSpinedNodeBuilder done
Event: 18.615 Loading class java/util/function/IntBinaryOperator
Event: 18.615 Loading class java/util/function/IntBinaryOperator done
Event: 18.615 Loading class java/util/stream/ReduceOps$6
Event: 18.616 Loading class java/util/stream/ReduceOps$6 done
Event: 18.616 Loading class java/util/stream/ReduceOps$5ReducingSink
Event: 18.616 Loading class java/util/stream/ReduceOps$5ReducingSink done

Classes unloaded (0 events):
No events

Classes redefined (0 events):
No events

Internal exceptions (20 events):
Event: 13.345 Thread 0x0000017e04f6d670 Exception <a 'java/lang/NoSuchMethodError'{0x000000008a4e8628}: 'long java.lang.invoke.DirectMethodHandle$Holder.invokeStatic(java.lang.Object, java.lang.Object)'> (0x000000008a4e8628) 
thrown [s\open\src\hotspot\share\interpreter\linkResolver.cpp, line 804]
Event: 13.345 Thread 0x0000017e04f6d670 Exception <a 'java/lang/NoSuchMethodError'{0x000000008a4f1560}: 'long java.lang.invoke.DirectMethodHandle$Holder.invokeStaticInit(java.lang.Object, java.lang.Object)'> (0x000000008a4f1560) 
thrown [s\open\src\hotspot\share\interpreter\linkResolver.cpp, line 804]
Event: 13.345 Thread 0x0000017e04f6d670 Exception <a 'java/lang/NoSuchMethodError'{0x000000008a4f9d38}: 'java.lang.Object java.lang.invoke.DirectMethodHandle$Holder.invokeStatic(java.lang.Object, long, java.lang.Object)'> (0x000000008a4f9d38) 
thrown [s\open\src\hotspot\share\interpreter\linkResolver.cpp, line 804]
Event: 13.346 Thread 0x0000017e04f6d670 Exception <a 'java/lang/NoSuchMethodError'{0x0000000088e02360}: 'java.lang.Object java.lang.invoke.DirectMethodHandle$Holder.invokeStaticInit(java.lang.Object, long, java.lang.Object)'> (0x0000000088e02360) 
thrown [s\open\src\hotspot\share\interpreter\linkResolver.cpp, line 804]
Event: 13.346 Thread 0x0000017e04f6d670 Exception <a 'java/lang/NoSuchMethodError'{0x0000000088e0ac70}: 'java.lang.Object java.lang.invoke.DirectMethodHandle$Holder.invokeStaticInit(java.lang.Object, long)'> (0x0000000088e0ac70) 
thrown [s\open\src\hotspot\share\interpreter\linkResolver.cpp, line 804]
Event: 13.354 Thread 0x0000017e04f6d670 Exception <a 'java/lang/NoSuchMethodError'{0x0000000088e2c048}: 'long java.lang.invoke.DirectMethodHandle$Holder.invokeStaticInit(java.lang.Object, long, long, long, long)'> (0x0000000088e2c048) 
thrown [s\open\src\hotspot\share\interpreter\linkResolver.cpp, line 804]
Event: 13.354 Thread 0x0000017e04f6d670 Exception <a 'java/lang/NoSuchMethodError'{0x0000000088e34c68}: 'java.lang.Object java.lang.invoke.DirectMethodHandle$Holder.invokeInterface(java.lang.Object, java.lang.Object, long, long)'> (0x0000000088e34c68) 
thrown [s\open\src\hotspot\share\interpreter\linkResolver.cpp, line 804]
Event: 13.355 Thread 0x0000017e04f6d670 Exception <a 'java/lang/NoSuchMethodError'{0x0000000088e4d3e0}: 'void java.lang.invoke.DirectMethodHandle$Holder.invokeStaticInit(java.lang.Object, java.lang.Object, long, java.lang.Object)'> (0x0000000088e4d3e0) 
thrown [s\open\src\hotspot\share\interpreter\linkResolver.cpp, line 804]
Event: 13.355 Thread 0x0000017e04f6d670 Exception <a 'java/lang/NoSuchMethodError'{0x0000000088e55ec8}: 'long java.lang.invoke.DirectMethodHandle$Holder.invokeStatic(java.lang.Object, long, long)'> (0x0000000088e55ec8) 
thrown [s\open\src\hotspot\share\interpreter\linkResolver.cpp, line 804]
Event: 13.358 Thread 0x0000017e04f6d670 Exception <a 'java/lang/NoSuchMethodError'{0x0000000088e77b40}: 'java.lang.Object java.lang.invoke.DirectMethodHandle$Holder.newInvokeSpecial(java.lang.Object, int, java.lang.Object)'> (0x0000000088e77b40) 
thrown [s\open\src\hotspot\share\interpreter\linkResolver.cpp, line 804]
Event: 13.472 Thread 0x0000017e04f6d670 Exception <a 'java/io/FileNotFoundException'{0x0000000088172700}> (0x0000000088172700) 
thrown [s\open\src\hotspot\share\prims\jni.cpp, line 516]
Event: 13.472 Thread 0x0000017e04f6d670 Exception <a 'java/io/FileNotFoundException'{0x0000000088195b10}> (0x0000000088195b10) 
thrown [s\open\src\hotspot\share\prims\jni.cpp, line 516]
Event: 13.472 Thread 0x0000017e04f6d670 Exception <a 'java/io/FileNotFoundException'{0x0000000088197178}> (0x0000000088197178) 
thrown [s\open\src\hotspot\share\prims\jni.cpp, line 516]
Event: 13.472 Thread 0x0000017e04f6d670 Exception <a 'java/io/FileNotFoundException'{0x00000000881987c8}> (0x00000000881987c8) 
thrown [s\open\src\hotspot\share\prims\jni.cpp, line 516]
Event: 14.052 Thread 0x0000017e04f6d670 Exception <a 'java/lang/NoSuchMethodError'{0x000000008a487df8}: 'java.lang.Object java.lang.invoke.DirectMethodHandle$Holder.newInvokeSpecial(java.lang.Object, java.lang.Object, java.lang.Object, double, double, double, double, int, int, int, int, int, int, int, int, int)'> (0x000000008a487df8) 
thrown [s\open\src\hotspot\share\interpreter\linkResolver.cpp, line 804]
Event: 16.401 Thread 0x0000017e04f6d670 Implicit null exception at 0x0000017e7315213e to 0x0000017e73152358
Event: 16.401 Thread 0x0000017e04f6d670 Implicit null exception at 0x0000017e730e1b87 to 0x0000017e730e1fd4
Event: 16.401 Thread 0x0000017e04f6d670 Implicit null exception at 0x0000017e730d55ec to 0x0000017e730d5631
Event: 16.931 Thread 0x0000017e04f6d670 Exception <a 'java/lang/NoSuchMethodError'{0x000000008865d468}: 'int java.lang.invoke.DirectMethodHandle$Holder.invokeVirtual(java.lang.Object, java.lang.Object)'> (0x000000008865d468) 
thrown [s\open\src\hotspot\share\interpreter\linkResolver.cpp, line 804]
Event: 18.613 Thread 0x0000017e04f6d670 Exception <a 'java/lang/NoSuchMethodError'{0x000000008a8f4138}: 'int java.lang.invoke.DirectMethodHandle$Holder.invokeStatic(java.lang.Object, int, java.lang.Object)'> (0x000000008a8f4138) 
thrown [s\open\src\hotspot\share\interpreter\linkResolver.cpp, line 804]

VM Operations (20 events):
Event: 655.363 Executing safepoint VM operation: G1PauseRemark
Event: 655.395 Executing safepoint VM operation: G1PauseRemark done
Event: 655.407 Executing safepoint VM operation: G1PauseCleanup
Event: 655.407 Executing safepoint VM operation: G1PauseCleanup done
Event: 659.507 Executing safepoint VM operation: G1CollectForAllocation (G1 Evacuation Pause)
Event: 659.528 Executing safepoint VM operation: G1CollectForAllocation (G1 Evacuation Pause) done
Event: 661.573 Executing non-safepoint VM operation: HandshakeAllThreads (HandshakeForDeflation)
Event: 661.573 Executing non-safepoint VM operation: HandshakeAllThreads (HandshakeForDeflation) done
Event: 661.573 Executing non-safepoint VM operation: RendezvousGCThreads
Event: 661.573 Executing non-safepoint VM operation: RendezvousGCThreads done
Event: 669.063 Executing safepoint VM operation: G1CollectForAllocation (G1 Evacuation Pause)
Event: 669.075 Executing safepoint VM operation: G1CollectForAllocation (G1 Evacuation Pause) done
Event: 670.352 Executing safepoint VM operation: G1TryInitiateConcMark (G1 Humongous Allocation)
Event: 670.355 Executing safepoint VM operation: G1TryInitiateConcMark (G1 Humongous Allocation) done
Event: 670.371 Executing safepoint VM operation: G1PauseRemark
Event: 670.391 Executing safepoint VM operation: G1PauseRemark done
Event: 670.405 Executing safepoint VM operation: G1PauseCleanup
Event: 670.405 Executing safepoint VM operation: G1PauseCleanup done
Event: 670.526 Executing safepoint VM operation: G1CollectForAllocation (G1 Evacuation Pause)
Event: 670.531 Executing safepoint VM operation: G1CollectForAllocation (G1 Evacuation Pause) done

Memory protections (0 events):
No events

Nmethod flushes (20 events):
Event: 670.389 Thread 0x0000017e7fb14380 flushing  nmethod 0x0000017e6bc84a88
Event: 670.389 Thread 0x0000017e7fb14380 flushing  nmethod 0x0000017e6bc84f08
Event: 670.389 Thread 0x0000017e7fb14380 flushing  nmethod 0x0000017e6bc86b88
Event: 670.389 Thread 0x0000017e7fb14380 flushing  nmethod 0x0000017e6bc89808
Event: 670.389 Thread 0x0000017e7fb14380 flushing  nmethod 0x0000017e6bc8a208
Event: 670.389 Thread 0x0000017e7fb14380 flushing  nmethod 0x0000017e6bc8a508
Event: 670.389 Thread 0x0000017e7fb14380 flushing  nmethod 0x0000017e6bc93f88
Event: 670.389 Thread 0x0000017e7fb14380 flushing  nmethod 0x0000017e6bc94488
Event: 670.389 Thread 0x0000017e7fb14380 flushing  nmethod 0x0000017e6bc95e88
Event: 670.389 Thread 0x0000017e7fb14380 flushing  nmethod 0x0000017e6bc97a88
Event: 670.389 Thread 0x0000017e7fb14380 flushing  nmethod 0x0000017e6bc98d88
Event: 670.389 Thread 0x0000017e7fb14380 flushing  nmethod 0x0000017e6bcb2908
Event: 670.389 Thread 0x0000017e7fb14380 flushing  nmethod 0x0000017e6bcb2c08
Event: 670.389 Thread 0x0000017e7fb14380 flushing  nmethod 0x0000017e6bcb5988
Event: 670.389 Thread 0x0000017e7fb14380 flushing  nmethod 0x0000017e6bcb7488
Event: 670.389 Thread 0x0000017e7fb14380 flushing  nmethod 0x0000017e6bcbb088
Event: 670.389 Thread 0x0000017e7fb14380 flushing  nmethod 0x0000017e6bcbd188
Event: 670.389 Thread 0x0000017e7fb14380 flushing  nmethod 0x0000017e6bcbdc08
Event: 670.389 Thread 0x0000017e7fb14380 flushing  nmethod 0x0000017e6bcbe488
Event: 670.389 Thread 0x0000017e7fb14380 flushing  nmethod 0x0000017e6bcc6d08

Events (20 events):
Event: 13.026 Thread 0x0000017e04f6d670 Thread added: 0x0000017e0ef5e3b0
Event: 13.028 Thread 0x0000017e04f6d670 Thread added: 0x0000017e144fec60
Event: 13.028 Thread 0x0000017e04f6d670 Thread added: 0x0000017e0565c6a0
Event: 13.169 Thread 0x0000017e7fc75ab0 Thread added: 0x0000017e0533d980
Event: 14.049 Thread 0x0000017e144fec60 Thread exited: 0x0000017e144fec60
Event: 14.052 Thread 0x0000017e0533d980 Thread exited: 0x0000017e0533d980
Event: 14.072 Thread 0x0000017e7fc7fba0 Thread added: 0x0000017e0533d980
Event: 14.858 Thread 0x0000017e0533d980 Thread exited: 0x0000017e0533d980
Event: 15.508 Thread 0x0000017e7fc7fba0 Thread added: 0x0000017e0533d980
Event: 15.743 Thread 0x0000017e0533d980 Thread exited: 0x0000017e0533d980
Event: 15.766 Thread 0x0000017e7fc7fba0 Thread added: 0x0000017e0533d980
Event: 16.388 Thread 0x0000017e0533d980 Thread exited: 0x0000017e0533d980
Event: 16.439 Thread 0x0000017e7fc7fba0 Thread added: 0x0000017e0533d980
Event: 16.624 Thread 0x0000017e0533d980 Thread exited: 0x0000017e0533d980
Event: 17.319 Thread 0x0000017e7fc75ab0 Thread added: 0x0000017e0533d980
Event: 17.941 Thread 0x0000017e0533d980 Thread exited: 0x0000017e0533d980
Event: 18.603 Thread 0x0000017e7fc7fba0 Thread added: 0x0000017e0533d980
Event: 19.075 Thread 0x0000017e0533d980 Thread exited: 0x0000017e0533d980
Event: 655.430 Thread 0x0000017e7fc75ab0 Thread added: 0x0000017e05347ac0
Event: 656.447 Thread 0x0000017e05347ac0 Thread exited: 0x0000017e05347ac0


Dynamic libraries:
0x00007ff7920b0000 - 0x00007ff7920be000 	C:\Users\CS\.jdks\openjdk-25.0.2\bin\java.exe
0x00007ff840720000 - 0x00007ff840987000 	C:\WINDOWS\SYSTEM32\ntdll.dll
0x00007ff83e4b0000 - 0x00007ff83e579000 	C:\WINDOWS\System32\KERNEL32.DLL
0x00007ff83d570000 - 0x00007ff83d964000 	C:\WINDOWS\System32\KERNELBASE.dll
0x00007ff83d020000 - 0x00007ff83d16b000 	C:\WINDOWS\System32\ucrtbase.dll
0x00007fffc19f0000 - 0x00007fffc1a07000 	C:\Users\CS\.jdks\openjdk-25.0.2\bin\jli.dll
0x00007fffbcf70000 - 0x00007fffbcf8e000 	C:\Users\CS\.jdks\openjdk-25.0.2\bin\VCRUNTIME140.dll
0x00007ff840450000 - 0x00007ff840615000 	C:\WINDOWS\System32\USER32.dll
0x00007ff83cff0000 - 0x00007ff83d017000 	C:\WINDOWS\System32\win32u.dll
0x00007ff8206c0000 - 0x00007ff820953000 	C:\WINDOWS\WinSxS\amd64_microsoft.windows.common-controls_6595b64144ccf1df_6.0.26100.8115_none_3e075c82e3354f9c\COMCTL32.dll
0x00007ff83f420000 - 0x00007ff83f44b000 	C:\WINDOWS\System32\GDI32.dll
0x00007ff83f590000 - 0x00007ff83f639000 	C:\WINDOWS\System32\msvcrt.dll
0x00007ff83d440000 - 0x00007ff83d56b000 	C:\WINDOWS\System32\gdi32full.dll
0x00007ff83d970000 - 0x00007ff83da13000 	C:\WINDOWS\System32\msvcp_win.dll
0x00007ff83efe0000 - 0x00007ff83f012000 	C:\WINDOWS\System32\IMM32.DLL
0x00007ffff0ca0000 - 0x00007ffff0cac000 	C:\Users\CS\.jdks\openjdk-25.0.2\bin\vcruntime140_1.dll
0x00007fff8adf0000 - 0x00007fff8ae7d000 	C:\Users\CS\.jdks\openjdk-25.0.2\bin\msvcp140.dll
0x00007fff29160000 - 0x00007fff29fbf000 	C:\Users\CS\.jdks\openjdk-25.0.2\bin\server\jvm.dll
0x00007ff840390000 - 0x00007ff840446000 	C:\WINDOWS\System32\ADVAPI32.dll
0x00007ff83f020000 - 0x00007ff83f0c7000 	C:\WINDOWS\System32\sechost.dll
0x00007ff83ee20000 - 0x00007ff83ef38000 	C:\WINDOWS\System32\RPCRT4.dll
0x00007ff83f7f0000 - 0x00007ff83f870000 	C:\WINDOWS\System32\WS2_32.dll
0x00007ff83ce50000 - 0x00007ff83ceae000 	C:\WINDOWS\SYSTEM32\POWRPROF.dll
0x00007ff82bd40000 - 0x00007ff82bd4b000 	C:\WINDOWS\SYSTEM32\VERSION.dll
0x00007ff831a20000 - 0x00007ff831a56000 	C:\WINDOWS\SYSTEM32\WINMM.dll
0x00007ff83ce30000 - 0x00007ff83ce44000 	C:\WINDOWS\SYSTEM32\UMPDC.dll
0x00007ff83bd80000 - 0x00007ff83bd9b000 	C:\WINDOWS\SYSTEM32\kernel.appcore.dll
0x00007ffff0af0000 - 0x00007ffff0afa000 	C:\Users\CS\.jdks\openjdk-25.0.2\bin\jimage.dll
0x00007ff83af40000 - 0x00007ff83b182000 	C:\WINDOWS\SYSTEM32\DBGHELP.DLL
0x00007ff83f890000 - 0x00007ff83fc12000 	C:\WINDOWS\System32\combase.dll
0x00007ff83f4b0000 - 0x00007ff83f588000 	C:\WINDOWS\System32\OLEAUT32.dll
0x00007ff8182d0000 - 0x00007ff81830b000 	C:\WINDOWS\SYSTEM32\dbgcore.DLL
0x00007ff83da20000 - 0x00007ff83dac5000 	C:\WINDOWS\System32\bcryptPrimitives.dll
0x00007fffbaa70000 - 0x00007fffbaa8f000 	C:\Users\CS\.jdks\openjdk-25.0.2\bin\java.dll
0x00007ff83e780000 - 0x00007ff83e917000 	C:\WINDOWS\System32\ole32.dll
0x00007ff83fc20000 - 0x00007ff840387000 	C:\WINDOWS\System32\SHELL32.dll
0x00007ff83e340000 - 0x00007ff83e4aa000 	C:\WINDOWS\System32\wintypes.dll
0x00007ff83dad0000 - 0x00007ff83e338000 	C:\WINDOWS\System32\windows.storage.dll
0x00007ff83e680000 - 0x00007ff83e778000 	C:\WINDOWS\System32\SHCORE.dll
0x00007ff83ef70000 - 0x00007ff83efd6000 	C:\WINDOWS\System32\shlwapi.dll
0x00007ff83cf10000 - 0x00007ff83cf39000 	C:\WINDOWS\SYSTEM32\profapi.dll
0x00007fffba930000 - 0x00007fffba942000 	C:\Users\CS\.jdks\openjdk-25.0.2\bin\net.dll
0x00007ff83c2f0000 - 0x00007ff83c35c000 	C:\WINDOWS\system32\mswsock.dll
0x00007fffb9360000 - 0x00007fffb9376000 	C:\Users\CS\.jdks\openjdk-25.0.2\bin\nio.dll
0x00007fffb9180000 - 0x00007fffb9197000 	C:\Users\CS\.jdks\openjdk-25.0.2\bin\zip.dll
0x0000017e7fe60000 - 0x0000017e7fe63000 	C:\Users\CS\.openjfx\cache\21.0.2+5\amd64\api-ms-win-core-console-l1-1-0.dll
0x0000017e7fe70000 - 0x0000017e7fe73000 	C:\Users\CS\.openjfx\cache\21.0.2+5\amd64\api-ms-win-core-console-l1-2-0.dll
0x0000017e7fe80000 - 0x0000017e7fe83000 	C:\Users\CS\.openjfx\cache\21.0.2+5\amd64\api-ms-win-core-datetime-l1-1-0.dll
0x0000017e7fe90000 - 0x0000017e7fe93000 	C:\Users\CS\.openjfx\cache\21.0.2+5\amd64\api-ms-win-core-debug-l1-1-0.dll
0x0000017e7fea0000 - 0x0000017e7fea3000 	C:\Users\CS\.openjfx\cache\21.0.2+5\amd64\api-ms-win-core-errorhandling-l1-1-0.dll
0x0000017e7feb0000 - 0x0000017e7feb4000 	C:\Users\CS\.openjfx\cache\21.0.2+5\amd64\api-ms-win-core-file-l1-1-0.dll
0x0000017e7fec0000 - 0x0000017e7fec3000 	C:\Users\CS\.openjfx\cache\21.0.2+5\amd64\api-ms-win-core-file-l1-2-0.dll
0x0000017e7fed0000 - 0x0000017e7fed3000 	C:\Users\CS\.openjfx\cache\21.0.2+5\amd64\api-ms-win-core-file-l2-1-0.dll
0x0000017e7fee0000 - 0x0000017e7fee3000 	C:\Users\CS\.openjfx\cache\21.0.2+5\amd64\api-ms-win-core-handle-l1-1-0.dll
0x0000017e7fef0000 - 0x0000017e7fef3000 	C:\Users\CS\.openjfx\cache\21.0.2+5\amd64\api-ms-win-core-heap-l1-1-0.dll
0x0000017e7ff00000 - 0x0000017e7ff03000 	C:\Users\CS\.openjfx\cache\21.0.2+5\amd64\api-ms-win-core-interlocked-l1-1-0.dll
0x0000017e7ff10000 - 0x0000017e7ff13000 	C:\Users\CS\.openjfx\cache\21.0.2+5\amd64\api-ms-win-core-libraryloader-l1-1-0.dll
0x0000017e7ff20000 - 0x0000017e7ff23000 	C:\Users\CS\.openjfx\cache\21.0.2+5\amd64\api-ms-win-core-localization-l1-2-0.dll
0x0000017e7ff30000 - 0x0000017e7ff33000 	C:\Users\CS\.openjfx\cache\21.0.2+5\amd64\api-ms-win-core-memory-l1-1-0.dll
0x0000017e7ff40000 - 0x0000017e7ff43000 	C:\Users\CS\.openjfx\cache\21.0.2+5\amd64\api-ms-win-core-namedpipe-l1-1-0.dll
0x0000017e7ff50000 - 0x0000017e7ff53000 	C:\Users\CS\.openjfx\cache\21.0.2+5\amd64\api-ms-win-core-processenvironment-l1-1-0.dll
0x0000017e7ff60000 - 0x0000017e7ff63000 	C:\Users\CS\.openjfx\cache\21.0.2+5\amd64\api-ms-win-core-processthreads-l1-1-0.dll
0x0000017e7ff70000 - 0x0000017e7ff73000 	C:\Users\CS\.openjfx\cache\21.0.2+5\amd64\api-ms-win-core-processthreads-l1-1-1.dll
0x0000017e7ff80000 - 0x0000017e7ff83000 	C:\Users\CS\.openjfx\cache\21.0.2+5\amd64\api-ms-win-core-profile-l1-1-0.dll
0x0000017e7ff90000 - 0x0000017e7ff93000 	C:\Users\CS\.openjfx\cache\21.0.2+5\amd64\api-ms-win-core-rtlsupport-l1-1-0.dll
0x0000017e7ffa0000 - 0x0000017e7ffa3000 	C:\Users\CS\.openjfx\cache\21.0.2+5\amd64\api-ms-win-core-string-l1-1-0.dll
0x0000017e7ffb0000 - 0x0000017e7ffb3000 	C:\Users\CS\.openjfx\cache\21.0.2+5\amd64\api-ms-win-core-synch-l1-1-0.dll
0x0000017e7ffc0000 - 0x0000017e7ffc3000 	C:\Users\CS\.openjfx\cache\21.0.2+5\amd64\api-ms-win-core-synch-l1-2-0.dll
0x0000017e7ffd0000 - 0x0000017e7ffd3000 	C:\Users\CS\.openjfx\cache\21.0.2+5\amd64\api-ms-win-core-sysinfo-l1-1-0.dll
0x0000017e7ffe0000 - 0x0000017e7ffe3000 	C:\Users\CS\.openjfx\cache\21.0.2+5\amd64\api-ms-win-core-timezone-l1-1-0.dll
0x0000017e7fff0000 - 0x0000017e7fff3000 	C:\Users\CS\.openjfx\cache\21.0.2+5\amd64\api-ms-win-core-util-l1-1-0.dll
0x0000017e04c00000 - 0x0000017e04c03000 	C:\Users\CS\.openjfx\cache\21.0.2+5\amd64\api-ms-win-crt-conio-l1-1-0.dll
0x0000017e04c10000 - 0x0000017e04c14000 	C:\Users\CS\.openjfx\cache\21.0.2+5\amd64\api-ms-win-crt-convert-l1-1-0.dll
0x0000017e04c20000 - 0x0000017e04c23000 	C:\Users\CS\.openjfx\cache\21.0.2+5\amd64\api-ms-win-crt-environment-l1-1-0.dll
0x0000017e04c30000 - 0x0000017e04c33000 	C:\Users\CS\.openjfx\cache\21.0.2+5\amd64\api-ms-win-crt-filesystem-l1-1-0.dll
0x0000017e04c40000 - 0x0000017e04c43000 	C:\Users\CS\.openjfx\cache\21.0.2+5\amd64\api-ms-win-crt-heap-l1-1-0.dll
0x0000017e04c50000 - 0x0000017e04c53000 	C:\Users\CS\.openjfx\cache\21.0.2+5\amd64\api-ms-win-crt-locale-l1-1-0.dll
0x0000017e04c60000 - 0x0000017e04c65000 	C:\Users\CS\.openjfx\cache\21.0.2+5\amd64\api-ms-win-crt-math-l1-1-0.dll
0x0000017e04c70000 - 0x0000017e04c75000 	C:\Users\CS\.openjfx\cache\21.0.2+5\amd64\api-ms-win-crt-multibyte-l1-1-0.dll
0x0000017e04c80000 - 0x0000017e04c90000 	C:\Users\CS\.openjfx\cache\21.0.2+5\amd64\api-ms-win-crt-private-l1-1-0.dll
0x0000017e04c90000 - 0x0000017e04c93000 	C:\Users\CS\.openjfx\cache\21.0.2+5\amd64\api-ms-win-crt-process-l1-1-0.dll
0x0000017e04ca0000 - 0x0000017e04ca4000 	C:\Users\CS\.openjfx\cache\21.0.2+5\amd64\api-ms-win-crt-runtime-l1-1-0.dll
0x0000017e04cb0000 - 0x0000017e04cb4000 	C:\Users\CS\.openjfx\cache\21.0.2+5\amd64\api-ms-win-crt-stdio-l1-1-0.dll
0x0000017e04cc0000 - 0x0000017e04cc4000 	C:\Users\CS\.openjfx\cache\21.0.2+5\amd64\api-ms-win-crt-string-l1-1-0.dll
0x0000017e04cd0000 - 0x0000017e04cd3000 	C:\Users\CS\.openjfx\cache\21.0.2+5\amd64\api-ms-win-crt-time-l1-1-0.dll
0x0000017e04ce0000 - 0x0000017e04ce3000 	C:\Users\CS\.openjfx\cache\21.0.2+5\amd64\api-ms-win-crt-utility-l1-1-0.dll
0x00007fffa0f00000 - 0x00007fffa0ffc000 	C:\Users\CS\.openjfx\cache\21.0.2+5\amd64\ucrtbase.dll
0x00007ff80a900000 - 0x00007ff80a91b000 	C:\Users\CS\.openjfx\cache\21.0.2+5\amd64\vcruntime140.dll
0x00007ff812ca0000 - 0x00007ff812cac000 	C:\Users\CS\.openjfx\cache\21.0.2+5\amd64\vcruntime140_1.dll
0x00007fffb3f40000 - 0x00007fffb3fce000 	C:\Users\CS\.openjfx\cache\21.0.2+5\amd64\msvcp140.dll
0x00007ffff3730000 - 0x00007ffff3739000 	C:\Users\CS\.openjfx\cache\21.0.2+5\amd64\msvcp140_1.dll
0x00007fffba950000 - 0x00007fffba991000 	C:\Users\CS\.openjfx\cache\21.0.2+5\amd64\msvcp140_2.dll
0x00007fffc1c40000 - 0x00007fffc1c70000 	C:\Users\CS\.openjfx\cache\21.0.2+5\amd64\prism_d3d.dll
0x00007ffffa5b0000 - 0x00007ffffa762000 	C:\WINDOWS\system32\d3d9.dll
0x00007ff838180000 - 0x00007ff8381af000 	C:\WINDOWS\SYSTEM32\dwmapi.dll
0x00007ff838130000 - 0x00007ff838173000 	C:\WINDOWS\SYSTEM32\dxcore.dll
0x00007ff837ee0000 - 0x00007ff837f89000 	C:\WINDOWS\system32\uxtheme.dll
0x00007fffa0e30000 - 0x00007fffa0ef2000 	C:\WINDOWS\SYSTEM32\d3d9on12.dll
0x00007ff837fc0000 - 0x00007ff838101000 	C:\WINDOWS\SYSTEM32\dxgi.dll
0x00007fffc1bf0000 - 0x00007fffc1c13000 	C:\WINDOWS\SYSTEM32\d3d12.dll
0x00007ff83cb30000 - 0x00007ff83cb81000 	C:\WINDOWS\SYSTEM32\cfgmgr32.dll
0x00007fff8c650000 - 0x00007fff8c9a8000 	C:\WINDOWS\SYSTEM32\D3D12Core.dll
0x00007fffa0d20000 - 0x00007fffa0e27000 	C:\WINDOWS\System32\DriverStore\FileRepository\iigd_dch.inf_amd64_0fdf6ce291234272\igd12umd64.dll
0x00007fff3ed00000 - 0x00007fff3fc05000 	C:\WINDOWS\System32\DriverStore\FileRepository\iigd_dch.inf_amd64_0fdf6ce291234272\igd12um64xel.dll
0x00007ff83d170000 - 0x00007ff83d2e7000 	C:\WINDOWS\System32\CRYPT32.dll
0x00007ff83cee0000 - 0x00007ff83cf0a000 	C:\WINDOWS\SYSTEM32\bcrypt.dll
0x00007ff80ae80000 - 0x00007ff80aec4000 	C:\WINDOWS\SYSTEM32\ControlLib.dll
0x00007ff83e920000 - 0x00007ff83eda7000 	C:\WINDOWS\System32\SETUPAPI.dll
0x00007ff83cbb0000 - 0x00007ff83cbdd000 	C:\WINDOWS\SYSTEM32\DEVOBJ.dll
0x00007ff831800000 - 0x00007ff83188b000 	C:\WINDOWS\System32\DriverStore\FileRepository\iigd_dch.inf_amd64_0fdf6ce291234272\IntelControlLib.dll
0x00007ff83d3b0000 - 0x00007ff83d432000 	C:\WINDOWS\System32\WINTRUST.dll
0x00007ff83c640000 - 0x00007ff83c653000 	C:\WINDOWS\SYSTEM32\MSASN1.dll
0x00007ff835410000 - 0x00007ff835471000 	C:\WINDOWS\SYSTEM32\directxdatabasehelper.dll
0x00007ff8312b0000 - 0x00007ff8316e8000 	C:\WINDOWS\System32\DriverStore\FileRepository\iigd_dch.inf_amd64_0fdf6ce291234272\igdgmm64.dll
0x00007ff82d2e0000 - 0x00007ff83118d000 	C:\WINDOWS\System32\DriverStore\FileRepository\iigd_dch.inf_amd64_0fdf6ce291234272\igc64.dll
0x00007fff8ccf0000 - 0x00007fff8cdd5000 	C:\WINDOWS\SYSTEM32\D3DSCache.dll
0x00007ff83c3a0000 - 0x00007ff83c3d3000 	C:\WINDOWS\SYSTEM32\USERENV.dll
0x00007fff825b0000 - 0x00007fff828ac000 	C:\WINDOWS\System32\DriverStore\FileRepository\iigd_dch.inf_amd64_0fdf6ce291234272\igd12dxva64.dll
0x00007fffca710000 - 0x00007fffcb8f3000 	C:\WINDOWS\System32\DriverStore\FileRepository\iigd_dch.inf_amd64_0fdf6ce291234272\igddxvacommon64.dll
0x00007fffc89e0000 - 0x00007fffca701000 	C:\WINDOWS\System32\DriverStore\FileRepository\iigd_dch.inf_amd64_0fdf6ce291234272\media_bin_64.dll
0x00007ff806360000 - 0x00007ff806387000 	C:\WINDOWS\System32\DriverStore\FileRepository\iigd_dch.inf_amd64_0fdf6ce291234272\igdinfo64.dll
0x00007fffa87d0000 - 0x00007fffa8812000 	C:\Users\CS\.openjfx\cache\21.0.2+5\amd64\glass.dll
0x00007ff83f6e0000 - 0x00007ff83f7cf000 	C:\WINDOWS\System32\COMDLG32.dll
0x00007ff83f0d0000 - 0x00007ff83f22c000 	C:\WINDOWS\System32\MSCTF.dll
0x00007ffff1e30000 - 0x00007ffff1e44000 	C:\Users\CS\.openjfx\cache\21.0.2+5\amd64\javafx_font.dll
0x00007ff836460000 - 0x00007ff8366c7000 	C:\WINDOWS\SYSTEM32\dwrite.dll
0x00007ff83c5d0000 - 0x00007ff83c5eb000 	C:\WINDOWS\SYSTEM32\CRYPTSP.dll
0x00007ff83bce0000 - 0x00007ff83bd19000 	C:\WINDOWS\system32\rsaenh.dll

JVMTI agents: none

dbghelp: loaded successfully - version: 4.0.5 - missing functions: none
symbol engine: initialized successfully - sym options: 0x614 - pdb path: .;C:\Users\CS\.jdks\openjdk-25.0.2\bin;C:\WINDOWS\SYSTEM32;C:\WINDOWS\WinSxS\amd64_microsoft.windows.common-controls_6595b64144ccf1df_6.0.26100.8115_none_3e075c82e3354f9c;C:\Users\CS\.jdks\openjdk-25.0.2\bin\server;C:\Users\CS\.openjfx\cache\21.0.2+5\amd64;C:\WINDOWS\System32\DriverStore\FileRepository\iigd_dch.inf_amd64_0fdf6ce291234272;C:\Program Files\Common Files\Microsoft Shared\Ink

VM Arguments:
jvm_args: -Dfile.encoding=IBM437 --module-path=C:\Users\CS\.m2\repository\org\openjfx\javafx-base\21.0.2\javafx-base-21.0.2-win.jar;C:\Users\CS\.m2\repository\org\openjfx\javafx-base\21.0.2\javafx-base-21.0.2.jar;C:\Users\CS\.m2\repository\org\openjfx\javafx-controls\21.0.2\javafx-controls-21.0.2-win.jar;C:\Users\CS\.m2\repository\org\openjfx\javafx-controls\21.0.2\javafx-controls-21.0.2.jar;C:\Users\CS\.m2\repository\org\openjfx\javafx-fxml\21.0.2\javafx-fxml-21.0.2-win.jar;C:\Users\CS\.m2\repository\org\openjfx\javafx-fxml\21.0.2\javafx-fxml-21.0.2.jar;C:\Users\CS\.m2\repository\org\openjfx\javafx-graphics\21.0.2\javafx-graphics-21.0.2-win.jar;C:\Users\CS\.m2\repository\org\openjfx\javafx-graphics\21.0.2\javafx-graphics-21.0.2.jar --add-modules=javafx.base,javafx.controls,javafx.fxml,javafx.graphics 
java_command: smartfarm.Main
java_class_path (initial): D:\University\Agrilliant\target\classes;C:\Users\CS\.m2\repository\com\google\protobuf\protobuf-java\3.25.1\protobuf-java-3.25.1.jar;C:\Users\CS\.m2\repository\com\mysql\mysql-connector-j\8.3.0\mysql-connector-j-8.3.0.jar;C:\Users\CS\.m2\repository\io\github\mkpaz\atlantafx-base\2.0.1\atlantafx-base-2.0.1.jar;C:\Users\CS\.m2\repository\org\jfree\fxgraphics2d\1.6\fxgraphics2d-1.6.jar;C:\Users\CS\.m2\repository\org\jfree\jfreechart\1.5.4\jfreechart-1.5.4.jar;C:\Users\CS\.m2\repository\org\jfree\jfreechart-fx\1.0.1\jfreechart-fx-1.0.1.jar;C:\Users\CS\.m2\repository\org\kordamp\ikonli\ikonli-core\12.3.1\ikonli-core-12.3.1.jar;C:\Users\CS\.m2\repository\org\kordamp\ikonli\ikonli-feather-pack\12.3.1\ikonli-feather-pack-12.3.1.jar;C:\Users\CS\.m2\repository\org\kordamp\ikonli\ikonli-javafx\12.3.1\ikonli-javafx-12.3.1.jar;C:\Users\CS\.m2\repository\org\mindrot\jbcrypt\0.4\jbcrypt-0.4.jar
Launcher Type: SUN_STANDARD

[Global flags]
     intx CICompilerCount                          = 4                                         {product} {ergonomic}
     uint ConcGCThreads                            = 3                                         {product} {ergonomic}
     uint G1ConcRefinementThreads                  = 10                                        {product} {ergonomic}
   size_t G1HeapRegionSize                         = 1048576                                   {product} {ergonomic}
   size_t InitialHeapSize                          = 130023424                                 {product} {ergonomic}
   size_t MarkStackSize                            = 4194304                                   {product} {ergonomic}
   size_t MarkStackSizeMax                         = 536870912                                 {product} {ergonomic}
   size_t MaxHeapSize                              = 2061500416                                {product} {ergonomic}
   size_t MaxNewSize                               = 1236271104                                {product} {ergonomic}
   size_t MinHeapDeltaBytes                        = 1048576                                   {product} {ergonomic}
   size_t MinHeapSize                              = 8388608                                   {product} {ergonomic}
    uintx NonNMethodCodeHeapSize                   = 5832704                                {pd product} {ergonomic}
    uintx NonProfiledCodeHeapSize                  = 122945536                              {pd product} {ergonomic}
    uintx ProfiledCodeHeapSize                     = 122880000                              {pd product} {ergonomic}
    uintx ReservedCodeCacheSize                    = 251658240                              {pd product} {ergonomic}
     bool SegmentedCodeCache                       = true                                      {product} {ergonomic}
   size_t SoftMaxHeapSize                          = 2061500416                             {manageable} {ergonomic}
     bool UseCompressedOops                        = true                           {product lp64_product} {ergonomic}
     bool UseG1GC                                  = true                                      {product} {ergonomic}
     bool UseLargePagesIndividualAllocation        = false                                  {pd product} {ergonomic}

Logging:
Log output configuration:
 #0: stdout all=warning uptime,level,tags foldmultilines=false
 #1: stderr all=off uptime,level,tags foldmultilines=false

Release file:
IMPLEMENTOR="Oracle Corporation" 
JAVA_RUNTIME_VERSION="25.0.2+10-69" 
JAVA_VERSION="25.0.2" 
JAVA_VERSION_DATE="2026-01-20" 
LIBC="default" 
MODULES="java.base java.compiler java.datatransfer java.xml java.prefs java.desktop java.instrument java.logging java.management java.security.sasl java.naming java.rmi java.management.rmi java.net.http java.scripting java.security.jgss java.transaction.xa java.sql java.sql.rowset java.xml.crypto java.se java.smartcardio jdk.accessibility jdk.internal.jvmstat jdk.attach jdk.charsets jdk.internal.opt jdk.zipfs jdk.compiler jdk.crypto.cryptoki jdk.crypto.ec jdk.crypto.mscapi jdk.dynalink jdk.internal.ed jdk.editpad jdk.internal.vm.ci jdk.graal.compiler jdk.graal.compiler.management jdk.hotspot.agent jdk.httpserver jdk.incubator.vector jdk.internal.le jdk.internal.md jdk.jartool jdk.javadoc jdk.jcmd jdk.management jdk.management.agent jdk.jconsole jdk.jdeps jdk.jdwp.agent jdk.jdi jdk.jfr jdk.jlink jdk.jpackage jdk.jshell jdk.jsobject jdk.jstatd jdk.localedata jdk.management.jfr jdk.naming.dns jdk.naming.rmi jdk.net jdk.nio.mapmode jdk.sctp jdk.security.auth jdk.security.jgss jdk.unsupported jdk.unsupported.desktop jdk.xml.dom" 
OS_ARCH="x86_64" 
OS_NAME="Windows" 
SOURCE=".:git:405a5699ebd0" 

Environment Variables:
JAVA_HOME=C:\Users\CS\.jdks\openjdk-25.0.2
JAVA_TOOL_OPTIONS=-Dfile.encoding=IBM437
PATH=C:\Windows\system32;D:\21c\dbhomeXE\bin;C:\Program Files (x86)\Common Files\Intel\Shared Libraries\redist\intel64\compiler;C:\Program Files (x86)\Common Files\Oracle\Java\javapath;C:\Windows;C:\Windows\System32\Wbem;C:\Windows\System32\WindowsPowerShell\v1.0\;C:\Windows\System32\OpenSSH\;C:\Users\CS\AppData\Local\Microsoft\WindowsApps;C:\ffmpeg\bin;C:\Program Files (x86)\sox-14𣯔;C:\Users\CS\AppData\Local\Packages\PythonSoftwareFoundation.Python.3.10_qbz5n2kfra8p0\LocalCache\local-packages\Python310\Scripts\manim.exe;C:\Users\CS\AppData\Local\Programs\MiKTeX\miktex\bin\x64\;C:\Users\CS\AppData\Local\Programs\MiKTeX\miktex\bin;C:\adb;C:\Program Files\Git\cmd;C:\MinGW\bin;C:\ProgramData\chocolatey\bin;C:\Users\CS\AppData\Roaming\nvm;C:\Program Files\nodejs;C:\Program Files\Cloudflare\Cloudflare WARP\;C:\Program Files (x86)\ZeroTier\One\;C:\Program Files\dotnet\;C:\Program Files (x86)\Microsoft SQL Server\160\Tools\Binn\;C:\Program Files\Microsoft SQL Server\160\Tools\Binn\;C:\Program Files\Microsoft SQL Server\Client SDK\ODBC\170\Tools\Binn\;C:\Program Files\Microsoft SQL Server\160\DTS\Binn\;C:\Program Files\cursor\resources\app\bin;C:\tools\dart-sdk\bin;C:\Users\CS\AppData\Local\Pub\Cache\bin;C:\Users\CS\Downloads\curl-8.12.0_1-win64-mingw\curl-8.12.0_1-win64-mingw\bin;C:\Users\CS\AppData\Local\Programs\cursor\resources\app\bin;C:\Users\CS\AppData\Local\Programs\Microsoft VS Code\bin;C:\Users\CS\AppData\Local\Programs\Antigravity\bin;D:\dev\flutter_windows_3.38.4-stable\flutter\bin;C:\Android\sdk\cmdline-tools\latest\bin;C:\Android\sdk\platform-tools;C:\Program Files\dotnet\;C:\Program Files\Microsoft SQL Server\Client SDK\ODBC\170\Tools\Binn\;C:\Program Files\Microsoft SQL Server\160\DTS\Binn\;C:\Program Files\PuTTY\;C:\Program Files\CMake\bin;C:\ProgramData\chocolatey\lib\mpvio.install\tools;C:\Program Files\Git\cmd;C:\WINDOWS\system32;
USERNAME=GoBloxy
OS=Windows_NT
PROCESSOR_IDENTIFIER=Intel64 Family 6 Model 154 Stepping 3, GenuineIntel
TMP=C:\Users\CS\AppData\Local\Temp
TEMP=C:\Users\CS\AppData\Local\Temp




Compilation memory statistics disabled.

Periodic native trim disabled

---------------  S Y S T E M  ---------------

OS:
 Windows 11 , 64 bit Build 26100 (10.0.26100.8246)
OS uptime: 1 days 0:28 hours
Hyper-V role detected

CPU: total 12 (initial active 12) (6 cores per cpu, 2 threads per core) family 6 model 154 stepping 3 microcode 0x434, cx8, cmov, fxsr, ht, mmx, 3dnowpref, sse, sse2, sse3, ssse3, sse4.1, sse4.2, popcnt, lzcnt, tsc, tscinvbit, avx, avx2, aes, erms, clmul, bmi1, bmi2, adx, sha, fma, vzeroupper, clflush, clflushopt, clwb, hv, serialize, rdtscp, rdpid, fsrm, gfni, f16c, cet_ibt, cet_ss
Processor Information for processor 0
  Max Mhz: 2000, Current Mhz: 2000, Mhz Limit: 2000
Processor Information for processor 1
  Max Mhz: 2000, Current Mhz: 2000, Mhz Limit: 2000
Processor Information for processor 2
  Max Mhz: 2000, Current Mhz: 2000, Mhz Limit: 2000
Processor Information for processor 3
  Max Mhz: 2000, Current Mhz: 2000, Mhz Limit: 2000
Processor Information for processor 4
  Max Mhz: 2000, Current Mhz: 2000, Mhz Limit: 2000
Processor Information for processor 5
  Max Mhz: 2000, Current Mhz: 2000, Mhz Limit: 2000
Processor Information for processor 6
  Max Mhz: 2000, Current Mhz: 2000, Mhz Limit: 2000
Processor Information for processor 7
  Max Mhz: 2000, Current Mhz: 2000, Mhz Limit: 2000
Processor Information for processor 8
  Max Mhz: 2000, Current Mhz: 2000, Mhz Limit: 2000
Processor Information for processor 9
  Max Mhz: 2000, Current Mhz: 2000, Mhz Limit: 2000
Processor Information for processor 10
  Max Mhz: 2000, Current Mhz: 1466, Mhz Limit: 2000
Processor Information for processor 11
  Max Mhz: 2000, Current Mhz: 1466, Mhz Limit: 2000

Memory: 4k page, system-wide physical 7860M (537M free)
TotalPageFile size 22413M (AvailPageFile size 0M)
current process WorkingSet (physical memory assigned to process): 47M, peak: 507M
current process commit charge ("private bytes"): 537M, peak: 580M

vm_info: OpenJDK 64-Bit Server VM (25.0.2+10-69) for windows-amd64 JRE (25.0.2+10-69), built on 2025-12-18T11:36:35Z with MS VC++ 17.13 (VS2022)

END.
